
-------------------------------------------------------------------------------
   ROBOCOPY     ::     Robust File Copy for Windows                              
-------------------------------------------------------------------------------

  Started : 10 March 2018 18:03:55
   Source : C:\TomGIT\HFFUmbraco\packages\UmbracoCms.7.7.8\UmbracoFiles\Umbraco\
     Dest : C:\TomGIT\HFFUmbraco\HFFUmbraco\Umbraco\

    Files : *.*
	    
Exc Files : UI.xml
	    
  Options : *.* /S /E /DCOPY:DA /COPY:DAT /IS /IT /R:1000000 /W:30 

------------------------------------------------------------------------------

	                  10	C:\TomGIT\HFFUmbraco\packages\UmbracoCms.7.7.8\UmbracoFiles\Umbraco\
	    Same      		    2359	ClientRedirect.aspx
	    Same      		    1442	create.aspx
	    Same      		     792	endPreview.aspx
	    Same      		    1624	Logout.aspx
	    Same      		     492	macroResultWrapper.aspx
	    Same      		      61	ping.aspx
	    Same      		     891	publishStatus.aspx
	    Same      		     179	tree.aspx
	    Same      		    1887	treeInit.aspx
	    Same      		     126	umbraco.aspx
	                   4	C:\TomGIT\HFFUmbraco\packages\UmbracoCms.7.7.8\UmbracoFiles\Umbraco\Actions\
	    Same      		    1155	delete.aspx
	    Same      		     480	editContent.aspx
	    Same      		     471	preview.aspx
	    Same      		    1203	publish.aspx
	                   0	C:\TomGIT\HFFUmbraco\packages\UmbracoCms.7.7.8\UmbracoFiles\Umbraco\assets\
	                   4	C:\TomGIT\HFFUmbraco\packages\UmbracoCms.7.7.8\UmbracoFiles\Umbraco\assets\css\
	    Same      		   38260	canvasdesigner.css
	    Same      		   35155	installer.css
	    Same      		    6585	nonodes.style.min.css
	    Same      		  337193	umbraco.css
	                   0	C:\TomGIT\HFFUmbraco\packages\UmbracoCms.7.7.8\UmbracoFiles\Umbraco\assets\fonts\
	                   4	C:\TomGIT\HFFUmbraco\packages\UmbracoCms.7.7.8\UmbracoFiles\Umbraco\assets\fonts\helveticons\
	    Same      		  117324	helveticons.eot
	    Same      		  793966	helveticons.svg
	    Same      		  117160	helveticons.ttf
	    Same      		  294540	helveticons.woff
	                  32	C:\TomGIT\HFFUmbraco\packages\UmbracoCms.7.7.8\UmbracoFiles\Umbraco\assets\fonts\lato\
	    Same      		   66110	LatoLatin-Black.eot
	    Same      		  144228	LatoLatin-Black.ttf
	    Same      		   70460	LatoLatin-Black.woff
	    Same      		   43456	LatoLatin-Black.woff2
	    Same      		   67322	LatoLatin-BlackItalic.eot
	    Same      		  150720	LatoLatin-BlackItalic.ttf
	    Same      		   72372	LatoLatin-BlackItalic.woff
	    Same      		   44316	LatoLatin-BlackItalic.woff2
	    Same      		   68209	LatoLatin-Bold.eot
	    Same      		  146156	LatoLatin-Bold.ttf
	    Same      		   72376	LatoLatin-Bold.woff
	    Same      		   44380	LatoLatin-Bold.woff2
	    Same      		   69528	LatoLatin-BoldItalic.eot
	    Same      		  149756	LatoLatin-BoldItalic.ttf
	    Same      		   73700	LatoLatin-BoldItalic.woff
	    Same      		   45036	LatoLatin-BoldItalic.woff2
	    Same      		   69771	LatoLatin-Italic.eot
	    Same      		  153688	LatoLatin-Italic.ttf
	    Same      		   74708	LatoLatin-Italic.woff
	    Same      		   45388	LatoLatin-Italic.woff2
	    Same      		   67508	LatoLatin-Light.eot
	    Same      		  151856	LatoLatin-Light.ttf
	    Same      		   72604	LatoLatin-Light.woff
	    Same      		   43468	LatoLatin-Light.woff2
	    Same      		   68553	LatoLatin-LightItalic.eot
	    Same      		  153096	LatoLatin-LightItalic.ttf
	    Same      		   73444	LatoLatin-LightItalic.woff
	    Same      		   44156	LatoLatin-LightItalic.woff2
	    Same      		   68135	LatoLatin-Regular.eot
	    Same      		  148540	LatoLatin-Regular.ttf
	    Same      		   72456	LatoLatin-Regular.woff
	    Same      		   43760	LatoLatin-Regular.woff2
	                   9	C:\TomGIT\HFFUmbraco\packages\UmbracoCms.7.7.8\UmbracoFiles\Umbraco\assets\fonts\opensans\
	    Same      		   19836	OpenSans-Regular-webfont.eot
	    Same      		  121229	OpenSans-Regular-webfont.svg
	    Same      		   38232	OpenSans-Regular-webfont.ttf
	    Same      		   22660	OpenSans-Regular-webfont.woff
	    Same      		  217360	OpenSans-Regular.ttf
	    Same      		   20028	OpenSans-Semibold-webfont.eot
	    Same      		  120293	OpenSans-Semibold-webfont.svg
	    Same      		   39476	OpenSans-Semibold-webfont.ttf
	    Same      		   22908	OpenSans-Semibold-webfont.woff
	                   7	C:\TomGIT\HFFUmbraco\packages\UmbracoCms.7.7.8\UmbracoFiles\Umbraco\assets\img\
	    Same      		     957	checkered-background-20.png
	    Same      		     165	checkered-background.png
	    Same      		  317197	installer.jpg
	    Same      		   23155	loader.gif
	    Same      		    1746	logo.png
	    Same      		  237538	nonodesbg.jpg
	    Same      		   14993	transparent.png
	                   5	C:\TomGIT\HFFUmbraco\packages\UmbracoCms.7.7.8\UmbracoFiles\Umbraco\assets\img\application\
	    Same      		    1175	logo.png
	    Same      		    2433	logo@2x.png
	    Same      		    3796	logo@3x.png
	    Same      		    1280	logo_black.png
	    Same      		    1333	logo_white.png
	                  11	C:\TomGIT\HFFUmbraco\packages\UmbracoCms.7.7.8\UmbracoFiles\Umbraco\assets\img\applicationIcons\
	    Same      		    1139	content.png
	    Same      		    1581	default.png
	    Same      		    1376	developer.png
	    Same      		    1702	help.svg
	    Same      		    7364	hlvticons-umbraco.svg
	    Same      		    1386	media.png
	    Same      		    1342	members.png
	    Same      		    1179	search.png
	    Same      		    1612	settings.png
	    Same      		    2828	tree-arrow.png
	    Same      		    1304	users.png
	                   1	C:\TomGIT\HFFUmbraco\packages\UmbracoCms.7.7.8\UmbracoFiles\Umbraco\assets\img\forms\
	    Same      		   37864	installer-background.png
	                   2	C:\TomGIT\HFFUmbraco\packages\UmbracoCms.7.7.8\UmbracoFiles\Umbraco\assets\img\uploader\
	    Same      		    1738	upload-illustration.png
	    Same      		    1400	upload-illustration.svg
	                  11	C:\TomGIT\HFFUmbraco\packages\UmbracoCms.7.7.8\UmbracoFiles\Umbraco\assets\less\
	    Same      		     715	background.less
	    Same      		    1894	border.less
	    Same      		     370	color.less
	    Same      		     817	googlefontpicker.less
	    Same      		     831	gridRow.less
	    Same      		    1872	layout.less
	    Same      		    1135	margin.less
	    Same      		    1156	padding.less
	    Same      		    2247	radius.less
	    Same      		     639	shadow.less
	    Same      		     473	slider.less
	                   0	C:\TomGIT\HFFUmbraco\packages\UmbracoCms.7.7.8\UmbracoFiles\Umbraco\Config\
	                   1	C:\TomGIT\HFFUmbraco\packages\UmbracoCms.7.7.8\UmbracoFiles\Umbraco\Config\Create\
	                  20	C:\TomGIT\HFFUmbraco\packages\UmbracoCms.7.7.8\UmbracoFiles\Umbraco\Config\Lang\
	    Same      		   67230	cs.xml
	    Same      		   99755	da.xml
	    Same      		   71205	de.xml
	    Same      		  137491	en.xml
	    Same      		  137472	en_us.xml
	    Same      		   67337	es.xml
	    Same      		  109807	fr.xml
	    Same      		   62551	he.xml
	    Same      		   63279	it.xml
	    Same      		   87465	ja.xml
	    Same      		   59364	ko.xml
	    Same      		   66759	nb.xml
	    Same      		   92738	nl.xml
	    Same      		  112205	pl.xml
	    Same      		   57959	pt.xml
	    Same      		  164388	ru.xml
	    Same      		   67784	sv.xml
	    Same      		   67281	tr.xml
	    Same      		   90398	zh.xml
	    Same      		   81868	zh_tw.xml
	                   1	C:\TomGIT\HFFUmbraco\packages\UmbracoCms.7.7.8\UmbracoFiles\Umbraco\Controls\
	    Same      		     309	ProgressBar.ascx
	                   2	C:\TomGIT\HFFUmbraco\packages\UmbracoCms.7.7.8\UmbracoFiles\Umbraco\Controls\Tree\
	    Same      		      82	CustomTreeService.asmx
	    Same      		    2725	TreeControl.ascx
	                   3	C:\TomGIT\HFFUmbraco\packages\UmbracoCms.7.7.8\UmbracoFiles\Umbraco\Create\
	    Same      		    1039	language.ascx
	    Same      		    1279	simple.ascx
	    Same      		    1696	xslt.ascx
	                   2	C:\TomGIT\HFFUmbraco\packages\UmbracoCms.7.7.8\UmbracoFiles\Umbraco\Dashboard\
	    Same      		     178	FeedProxy.aspx
	    Same      		    1761	UserControlProxy.aspx
	                   0	C:\TomGIT\HFFUmbraco\packages\UmbracoCms.7.7.8\UmbracoFiles\Umbraco\Developer\
	                   2	C:\TomGIT\HFFUmbraco\packages\UmbracoCms.7.7.8\UmbracoFiles\Umbraco\Developer\Macros\
	    Same      		    1674	assemblyBrowser.aspx
	    Same      		   11871	editMacro.aspx
	                   3	C:\TomGIT\HFFUmbraco\packages\UmbracoCms.7.7.8\UmbracoFiles\Umbraco\Developer\Packages\
	    Same      		    1171	directoryBrowser.aspx
	    Same      		   12722	editPackage.aspx
	    Same      		   18426	installer.aspx
	                   3	C:\TomGIT\HFFUmbraco\packages\UmbracoCms.7.7.8\UmbracoFiles\Umbraco\Developer\RelationTypes\
	    Same      		    6536	EditRelationType.aspx
	    Same      		    3013	NewRelationType.aspx
	    Same      		     162	RelationTypesWebService.asmx
	                   3	C:\TomGIT\HFFUmbraco\packages\UmbracoCms.7.7.8\UmbracoFiles\Umbraco\Developer\RelationTypes\Images\
	    Same      		     421	Bidirectional.png
	    Same      		     434	ParentToChild.png
	    Same      		    1053	Refresh.gif
	                   2	C:\TomGIT\HFFUmbraco\packages\UmbracoCms.7.7.8\UmbracoFiles\Umbraco\Developer\RelationTypes\TreeMenu\
	    Same      		     731	ActionDeleteRelationType.js
	    Same      		     172	ActionNewRelationType.js
	                   5	C:\TomGIT\HFFUmbraco\packages\UmbracoCms.7.7.8\UmbracoFiles\Umbraco\Developer\Xslt\
	    Same      		    3251	editXslt.aspx
	    Same      		     108	getXsltStatus.asmx
	    Same      		    2160	xsltChooseExtension.aspx
	    Same      		    2588	xsltInsertValueOf.aspx
	    Same      		    2895	xsltVisualize.aspx
	                  20	C:\TomGIT\HFFUmbraco\packages\UmbracoCms.7.7.8\UmbracoFiles\Umbraco\Dialogs\
	    Same      		    4277	AssignDomain2.aspx
	    Same      		    6285	ChangeDocType.aspx
	    Same      		    3217	create.aspx
	    Same      		    3654	EditMacro.aspx
	    Same      		     262	empty.htm
	    Same      		     150	exportDocumenttype.aspx
	    Same      		    2031	importDocumenttype.aspx
	    Same      		     815	notifications.aspx
	    Same      		     748	Preview.aspx
	    Same      		   10333	protectPage.aspx
	    Same      		    4211	publish.aspx
	    Same      		    1779	republish.aspx
	    Same      		    4204	rollBack.aspx
	    Same      		    1856	search.aspx
	    Same      		     735	SendPublish.aspx
	    Same      		    1638	sendToTranslation.aspx
	    Same      		    4124	sort.aspx
	    Same      		    1076	treePicker.aspx
	    Same      		    6939	umbracoField.aspx
	    Same      		    3076	viewAuditTrail.aspx
	                   0	C:\TomGIT\HFFUmbraco\packages\UmbracoCms.7.7.8\UmbracoFiles\Umbraco\Install\
	                   2	C:\TomGIT\HFFUmbraco\packages\UmbracoCms.7.7.8\UmbracoFiles\Umbraco\Install\Views\
	    Same      		    2992	Index.cshtml
	    Same      		    2870	Web.config
	                  26	C:\TomGIT\HFFUmbraco\packages\UmbracoCms.7.7.8\UmbracoFiles\Umbraco\Js\
	    Same      		     370	app.dev.js
	    Same      		    2494	app.js
	    Same      		     647	canvasdesigner.loader.js
	    Same      		    1249	dualSelectBox.js
	    Same      		    2929	guiFunctions.js
	    Same      		    4907	init.js
	    Same      		     597	install.loader.js
	    Same      		     150	installer.app.js
	    Same      		    1385	loader.dev.js
	    Same      		    9724	routes.js
	    Same      		  133269	umbraco.canvasdesigner.js
	    Same      		  857258	umbraco.controllers.js
	    Same      		  499729	umbraco.directives.js
	    Same      		    4299	umbraco.filters.js
	    Same      		   19107	umbraco.installer.js
	    Same      		  185624	umbraco.resources.js
	    Same      		   11266	umbraco.security.js
	    Same      		  458964	umbraco.services.js
	    Same      		    2926	umbracoCheckKeys.js
	    Same      		    3833	UmbracoSpeechBubble.js
	    Same      		    2738	UmbracoSpeechBubbleBackEnd.js
	    Same      		     201	UmbracoSpeechBubbleInit.js
	    Same      		     586	umbracoUpgradeChecker.js
	    Same      		     257	web.config
	    Same      		    4102	xmlextras.js
	    Same      		    1951	xmlRequest.js
	                   0	C:\TomGIT\HFFUmbraco\packages\UmbracoCms.7.7.8\UmbracoFiles\Umbraco\lib\
	                   0	C:\TomGIT\HFFUmbraco\packages\UmbracoCms.7.7.8\UmbracoFiles\Umbraco\lib\ace-builds\
	                   8	C:\TomGIT\HFFUmbraco\packages\UmbracoCms.7.7.8\UmbracoFiles\Umbraco\lib\ace-builds\src-min-noconflict\
	    Same      		  373191	ace.js
	    Same      		   34629	ext-language_tools.js
	    Same      		   11702	ext-searchbox.js
	    Same      		   12570	ext-settings_menu.js
	    Same      		   18201	mode-javascript.js
	    Same      		   67166	mode-razor.js
	    Same      		    2712	theme-chrome.js
	    Same      		  164517	worker-javascript.js
	                   2	C:\TomGIT\HFFUmbraco\packages\UmbracoCms.7.7.8\UmbracoFiles\Umbraco\lib\ace-builds\src-min-noconflict\snippets\
	    Same      		    3840	javascript.js
	    Same      		     131	text.js
	                   0	C:\TomGIT\HFFUmbraco\packages\UmbracoCms.7.7.8\UmbracoFiles\Umbraco\lib\ace-razor-mode\
	                   1	C:\TomGIT\HFFUmbraco\packages\UmbracoCms.7.7.8\UmbracoFiles\Umbraco\lib\ace-razor-mode\theme\
	    Same      		    3037	razor_chrome.css
	                   1	C:\TomGIT\HFFUmbraco\packages\UmbracoCms.7.7.8\UmbracoFiles\Umbraco\lib\angular\
	    Same      		   12518	angular-ui-sortable.js
	                  14	C:\TomGIT\HFFUmbraco\packages\UmbracoCms.7.7.8\UmbracoFiles\Umbraco\lib\angular\1.1.5\
	    Same      		    5399	angular-cookies.js
	    Same      		     806	angular-cookies.min.js
	    Same      		   10645	angular-loader.js
	    Same      		     933	angular-loader.min.js
	    Same      		   17504	angular-mobile.js
	    Same      		    2875	angular-mobile.min.js
	    Same      		   61335	angular-mocks.js
	    Same      		   22149	angular-resource.js
	    Same      		    2787	angular-resource.min.js
	    Same      		   18873	angular-sanitize.js
	    Same      		    3942	angular-sanitize.min.js
	    Same      		  934395	angular-scenario.js
	    Same      		  590854	angular.js
	    Same      		   89030	angular.min.js
	                 287	C:\TomGIT\HFFUmbraco\packages\UmbracoCms.7.7.8\UmbracoFiles\Umbraco\lib\angular\1.1.5\i18n\
	    Same      		    2218	angular-locale_af-na.js
	    Same      		    2226	angular-locale_af-za.js
	    Same      		    2223	angular-locale_af.js
	    Same      		    2836	angular-locale_am-et.js
	    Same      		    2833	angular-locale_am.js
	    Same      		    3706	angular-locale_ar-001.js
	    Same      		    3705	angular-locale_ar-ae.js
	    Same      		    3705	angular-locale_ar-bh.js
	    Same      		    3657	angular-locale_ar-dz.js
	    Same      		    3705	angular-locale_ar-eg.js
	    Same      		    3705	angular-locale_ar-iq.js
	    Same      		    3869	angular-locale_ar-jo.js
	    Same      		    3705	angular-locale_ar-kw.js
	    Same      		    3869	angular-locale_ar-lb.js
	    Same      		    3705	angular-locale_ar-ly.js
	    Same      		    3657	angular-locale_ar-ma.js
	    Same      		    3705	angular-locale_ar-om.js
	    Same      		    3705	angular-locale_ar-qa.js
	    Same      		    3705	angular-locale_ar-sa.js
	    Same      		    3705	angular-locale_ar-sd.js
	    Same      		    3869	angular-locale_ar-sy.js
	    Same      		    3657	angular-locale_ar-tn.js
	    Same      		    3705	angular-locale_ar-ye.js
	    Same      		    3702	angular-locale_ar.js
	    Same      		    3137	angular-locale_bg-bg.js
	    Same      		    3134	angular-locale_bg.js
	    Same      		    3458	angular-locale_bn-bd.js
	    Same      		    3458	angular-locale_bn-in.js
	    Same      		    3455	angular-locale_bn.js
	    Same      		    2345	angular-locale_ca-ad.js
	    Same      		    2345	angular-locale_ca-es.js
	    Same      		    2342	angular-locale_ca.js
	    Same      		    1144	angular-locale_chr.js
	    Same      		    2445	angular-locale_cs-cz.js
	    Same      		    2442	angular-locale_cs.js
	    Same      		     938	angular-locale_cy.js
	    Same      		    2259	angular-locale_da-dk.js
	    Same      		    2256	angular-locale_da.js
	    Same      		    2261	angular-locale_de-at.js
	    Same      		    2249	angular-locale_de-be.js
	    Same      		    2240	angular-locale_de-ch.js
	    Same      		    2249	angular-locale_de-de.js
	    Same      		    2249	angular-locale_de-li.js
	    Same      		    2249	angular-locale_de-lu.js
	    Same      		    2246	angular-locale_de.js
	    Same      		    3327	angular-locale_el-cy.js
	    Same      		    3327	angular-locale_el-gr.js
	    Same      		    1495	angular-locale_el-polyton.js
	    Same      		    3324	angular-locale_el.js
	    Same      		    2212	angular-locale_en-as.js
	    Same      		    2216	angular-locale_en-au.js
	    Same      		    2212	angular-locale_en-bb.js
	    Same      		    2208	angular-locale_en-be.js
	    Same      		    2212	angular-locale_en-bm.js
	    Same      		    2215	angular-locale_en-bw.js
	    Same      		    2206	angular-locale_en-bz.js
	    Same      		    2220	angular-locale_en-ca.js
	    Same      		    4060	angular-locale_en-dsrt-us.js
	    Same      		    4057	angular-locale_en-dsrt.js
	    Same      		    2212	angular-locale_en-fm.js
	    Same      		    2216	angular-locale_en-gb.js
	    Same      		    2212	angular-locale_en-gu.js
	    Same      		    2212	angular-locale_en-gy.js
	    Same      		    2212	angular-locale_en-hk.js
	    Same      		    2224	angular-locale_en-ie.js
	    Same      		    2229	angular-locale_en-in.js
	    Same      		    2214	angular-locale_en-iso.js
	    Same      		    2212	angular-locale_en-jm.js
	    Same      		    2212	angular-locale_en-mh.js
	    Same      		    2212	angular-locale_en-mp.js
	    Same      		    2219	angular-locale_en-mt.js
	    Same      		    2212	angular-locale_en-mu.js
	    Same      		    2212	angular-locale_en-na.js
	    Same      		    2214	angular-locale_en-nz.js
	    Same      		    2212	angular-locale_en-ph.js
	    Same      		    2213	angular-locale_en-pk.js
	    Same      		    2212	angular-locale_en-pr.js
	    Same      		    2212	angular-locale_en-pw.js
	    Same      		    2212	angular-locale_en-sg.js
	    Same      		    2212	angular-locale_en-tc.js
	    Same      		    2212	angular-locale_en-tt.js
	    Same      		    2212	angular-locale_en-um.js
	    Same      		    2212	angular-locale_en-us.js
	    Same      		    2212	angular-locale_en-vg.js
	    Same      		    2212	angular-locale_en-vi.js
	    Same      		    2224	angular-locale_en-za.js
	    Same      		    2215	angular-locale_en-zw.js
	    Same      		    1242	angular-locale_en-zz.js
	    Same      		    2209	angular-locale_en.js
	    Same      		    2257	angular-locale_es-419.js
	    Same      		    2273	angular-locale_es-ar.js
	    Same      		    2273	angular-locale_es-bo.js
	    Same      		    2269	angular-locale_es-cl.js
	    Same      		    2265	angular-locale_es-co.js
	    Same      		    2273	angular-locale_es-cr.js
	    Same      		    2273	angular-locale_es-do.js
	    Same      		    2273	angular-locale_es-ea.js
	    Same      		    2269	angular-locale_es-ec.js
	    Same      		    2273	angular-locale_es-es.js
	    Same      		    2273	angular-locale_es-gq.js
	    Same      		    2269	angular-locale_es-gt.js
	    Same      		    2274	angular-locale_es-hn.js
	    Same      		    2273	angular-locale_es-ic.js
	    Same      		    2273	angular-locale_es-mx.js
	    Same      		    2273	angular-locale_es-ni.js
	    Same      		    2273	angular-locale_es-pa.js
	    Same      		    2271	angular-locale_es-pe.js
	    Same      		    2273	angular-locale_es-pr.js
	    Same      		    2273	angular-locale_es-py.js
	    Same      		    2273	angular-locale_es-sv.js
	    Same      		    2269	angular-locale_es-us.js
	    Same      		    2273	angular-locale_es-uy.js
	    Same      		    2273	angular-locale_es-ve.js
	    Same      		    2270	angular-locale_es.js
	    Same      		    2316	angular-locale_et-ee.js
	    Same      		    2313	angular-locale_et.js
	    Same      		    2267	angular-locale_eu-es.js
	    Same      		    2264	angular-locale_eu.js
	    Same      		    3249	angular-locale_fa-af.js
	    Same      		    3345	angular-locale_fa-ir.js
	    Same      		    3342	angular-locale_fa.js
	    Same      		    2392	angular-locale_fi-fi.js
	    Same      		    2389	angular-locale_fi.js
	    Same      		    2224	angular-locale_fil-ph.js
	    Same      		    2221	angular-locale_fil.js
	    Same      		    2293	angular-locale_fr-be.js
	    Same      		    2295	angular-locale_fr-bf.js
	    Same      		    2295	angular-locale_fr-bi.js
	    Same      		    2295	angular-locale_fr-bj.js
	    Same      		    2295	angular-locale_fr-bl.js
	    Same      		    2296	angular-locale_fr-ca.js
	    Same      		    2295	angular-locale_fr-cd.js
	    Same      		    2295	angular-locale_fr-cf.js
	    Same      		    2295	angular-locale_fr-cg.js
	    Same      		    2296	angular-locale_fr-ch.js
	    Same      		    2295	angular-locale_fr-ci.js
	    Same      		    2295	angular-locale_fr-cm.js
	    Same      		    2295	angular-locale_fr-dj.js
	    Same      		    2295	angular-locale_fr-fr.js
	    Same      		    2295	angular-locale_fr-ga.js
	    Same      		    2295	angular-locale_fr-gf.js
	    Same      		    2295	angular-locale_fr-gn.js
	    Same      		    2295	angular-locale_fr-gp.js
	    Same      		    2295	angular-locale_fr-gq.js
	    Same      		    2295	angular-locale_fr-km.js
	    Same      		    2295	angular-locale_fr-lu.js
	    Same      		    2295	angular-locale_fr-mc.js
	    Same      		    2295	angular-locale_fr-mf.js
	    Same      		    2295	angular-locale_fr-mg.js
	    Same      		    2295	angular-locale_fr-ml.js
	    Same      		    2295	angular-locale_fr-mq.js
	    Same      		    2295	angular-locale_fr-ne.js
	    Same      		    2295	angular-locale_fr-re.js
	    Same      		    2295	angular-locale_fr-rw.js
	    Same      		    2295	angular-locale_fr-sn.js
	    Same      		    2295	angular-locale_fr-td.js
	    Same      		    2256	angular-locale_fr-tg.js
	    Same      		    2295	angular-locale_fr-yt.js
	    Same      		    2292	angular-locale_fr.js
	    Same      		    2243	angular-locale_gl-es.js
	    Same      		    2240	angular-locale_gl.js
	    Same      		    2286	angular-locale_gsw-ch.js
	    Same      		    2283	angular-locale_gsw.js
	    Same      		    3248	angular-locale_gu-in.js
	    Same      		    3245	angular-locale_gu.js
	    Same      		     926	angular-locale_haw.js
	    Same      		    3228	angular-locale_he-il.js
	    Same      		    3225	angular-locale_he.js
	    Same      		    3266	angular-locale_hi-in.js
	    Same      		    3263	angular-locale_hi.js
	    Same      		    2556	angular-locale_hr-hr.js
	    Same      		    2553	angular-locale_hr.js
	    Same      		    2307	angular-locale_hu-hu.js
	    Same      		    2304	angular-locale_hu.js
	    Same      		    2160	angular-locale_id-id.js
	    Same      		    2157	angular-locale_id.js
	    Same      		    2157	angular-locale_in.js
	    Same      		    2372	angular-locale_is-is.js
	    Same      		    2369	angular-locale_is.js
	    Same      		    2226	angular-locale_it-ch.js
	    Same      		    2259	angular-locale_it-it.js
	    Same      		    2259	angular-locale_it-sm.js
	    Same      		    2256	angular-locale_it.js
	    Same      		    3177	angular-locale_iw.js
	    Same      		    2375	angular-locale_ja-jp.js
	    Same      		    2372	angular-locale_ja.js
	    Same      		    3242	angular-locale_kn-in.js
	    Same      		    3239	angular-locale_kn.js
	    Same      		    2389	angular-locale_ko-kr.js
	    Same      		    2386	angular-locale_ko.js
	    Same      		    2746	angular-locale_ln-cd.js
	    Same      		    2462	angular-locale_ln-cg.js
	    Same      		    2743	angular-locale_ln.js
	    Same      		    2522	angular-locale_lt-lt.js
	    Same      		    2519	angular-locale_lt.js
	    Same      		    2447	angular-locale_lv-lv.js
	    Same      		    2444	angular-locale_lv.js
	    Same      		    3515	angular-locale_ml-in.js
	    Same      		    3512	angular-locale_ml.js
	    Same      		    1387	angular-locale_mo.js
	    Same      		    3243	angular-locale_mr-in.js
	    Same      		    3240	angular-locale_mr.js
	    Same      		    2148	angular-locale_ms-bn.js
	    Same      		    2153	angular-locale_ms-my.js
	    Same      		    2150	angular-locale_ms.js
	    Same      		    2492	angular-locale_mt-mt.js
	    Same      		    2489	angular-locale_mt.js
	    Same      		    2220	angular-locale_nl-aw.js
	    Same      		    2218	angular-locale_nl-be.js
	    Same      		    2231	angular-locale_nl-cw.js
	    Same      		    2231	angular-locale_nl-nl.js
	    Same      		    2231	angular-locale_nl-sx.js
	    Same      		    2228	angular-locale_nl.js
	    Same      		    2254	angular-locale_no.js
	    Same      		    3405	angular-locale_or-in.js
	    Same      		    3402	angular-locale_or.js
	    Same      		    2586	angular-locale_pl-pl.js
	    Same      		    2583	angular-locale_pl.js
	    Same      		    2264	angular-locale_pt-ao.js
	    Same      		    2280	angular-locale_pt-br.js
	    Same      		    2264	angular-locale_pt-gw.js
	    Same      		    2264	angular-locale_pt-mz.js
	    Same      		    2304	angular-locale_pt-pt.js
	    Same      		    2264	angular-locale_pt-st.js
	    Same      		    2277	angular-locale_pt.js
	    Same      		    2344	angular-locale_ro-md.js
	    Same      		    2376	angular-locale_ro-ro.js
	    Same      		    2373	angular-locale_ro.js
	    Same      		    2755	angular-locale_ru-md.js
	    Same      		    3607	angular-locale_ru-ru.js
	    Same      		    2746	angular-locale_ru-ua.js
	    Same      		    3604	angular-locale_ru.js
	    Same      		    2379	angular-locale_sk-sk.js
	    Same      		    2376	angular-locale_sk.js
	    Same      		    2384	angular-locale_sl-si.js
	    Same      		    2381	angular-locale_sl.js
	    Same      		    2269	angular-locale_sq-al.js
	    Same      		    2266	angular-locale_sq.js
	    Same      		    2716	angular-locale_sr-cyrl-ba.js
	    Same      		    2702	angular-locale_sr-cyrl-me.js
	    Same      		    3454	angular-locale_sr-cyrl-rs.js
	    Same      		    2699	angular-locale_sr-cyrl.js
	    Same      		    2520	angular-locale_sr-latn-ba.js
	    Same      		    2519	angular-locale_sr-latn-me.js
	    Same      		    2536	angular-locale_sr-latn-rs.js
	    Same      		    2517	angular-locale_sr-latn.js
	    Same      		    1764	angular-locale_sr-rs.js
	    Same      		    3446	angular-locale_sr.js
	    Same      		    2230	angular-locale_sv-fi.js
	    Same      		    2266	angular-locale_sv-se.js
	    Same      		    2263	angular-locale_sv.js
	    Same      		    2223	angular-locale_sw-ke.js
	    Same      		    2223	angular-locale_sw-tz.js
	    Same      		    2220	angular-locale_sw.js
	    Same      		    3052	angular-locale_ta-in.js
	    Same      		    2543	angular-locale_ta-lk.js
	    Same      		    3049	angular-locale_ta.js
	    Same      		    3343	angular-locale_te-in.js
	    Same      		    3340	angular-locale_te.js
	    Same      		    3244	angular-locale_th-th.js
	    Same      		    3241	angular-locale_th.js
	    Same      		    1251	angular-locale_tl-ph.js
	    Same      		    2220	angular-locale_tl.js
	    Same      		    2227	angular-locale_tr-tr.js
	    Same      		    2224	angular-locale_tr.js
	    Same      		    3476	angular-locale_uk-ua.js
	    Same      		    3473	angular-locale_uk.js
	    Same      		    2374	angular-locale_ur-in.js
	    Same      		    3078	angular-locale_ur-pk.js
	    Same      		    3075	angular-locale_ur.js
	    Same      		    2508	angular-locale_vi-vn.js
	    Same      		    2505	angular-locale_vi.js
	    Same      		    2410	angular-locale_zh-cn.js
	    Same      		    2415	angular-locale_zh-hans-cn.js
	    Same      		    2239	angular-locale_zh-hans-hk.js
	    Same      		    2239	angular-locale_zh-hans-mo.js
	    Same      		    2245	angular-locale_zh-hans-sg.js
	    Same      		    2201	angular-locale_zh-hans.js
	    Same      		    2228	angular-locale_zh-hant-hk.js
	    Same      		    2232	angular-locale_zh-hant-mo.js
	    Same      		    2202	angular-locale_zh-hant-tw.js
	    Same      		    2199	angular-locale_zh-hant.js
	    Same      		    2465	angular-locale_zh-hk.js
	    Same      		    2404	angular-locale_zh-tw.js
	    Same      		    2407	angular-locale_zh.js
	    Same      		    2231	angular-locale_zu-za.js
	    Same      		    2228	angular-locale_zu.js
	                   1	C:\TomGIT\HFFUmbraco\packages\UmbracoCms.7.7.8\UmbracoFiles\Umbraco\lib\angular-bootstrap\
	    Same      		   53012	ui-bootstrap-tpls-0.10.0.min.js
	                   2	C:\TomGIT\HFFUmbraco\packages\UmbracoCms.7.7.8\UmbracoFiles\Umbraco\lib\angular-dynamic-locale\
	    Same      		    2976	tmhDynamicLocale.min.js
	    Same      		    4024	tmhDynamicLocale.min.js.map
	                   2	C:\TomGIT\HFFUmbraco\packages\UmbracoCms.7.7.8\UmbracoFiles\Umbraco\lib\angular-local-storage\
	    Same      		    5315	angular-local-storage.min.js
	    Same      		    6885	angular-local-storage.min.js.map
	                   0	C:\TomGIT\HFFUmbraco\packages\UmbracoCms.7.7.8\UmbracoFiles\Umbraco\lib\bootstrap\
	                   7	C:\TomGIT\HFFUmbraco\packages\UmbracoCms.7.7.8\UmbracoFiles\Umbraco\lib\bootstrap\css\
	    Same      		   22057	bootstrap-responsive.css
	    Same      		   16858	bootstrap-responsive.min.css
	    Same      		  114355	bootstrap.cosmo.min.css
	    Same      		  105909	bootstrap.css
	    Same      		  102601	bootstrap.min.3.0.1.css
	    Same      		  105948	bootstrap.min.css
	    Same      		   16850	responsive.css
	                   2	C:\TomGIT\HFFUmbraco\packages\UmbracoCms.7.7.8\UmbracoFiles\Umbraco\lib\bootstrap\img\
	    Same      		    8777	glyphicons-halflings-white.png
	    Same      		   12799	glyphicons-halflings.png
	                   2	C:\TomGIT\HFFUmbraco\packages\UmbracoCms.7.7.8\UmbracoFiles\Umbraco\lib\bootstrap\js\
	    Same      		   64245	bootstrap.2.3.2.js
	    Same      		   28636	bootstrap.2.3.2.min.js
	                  41	C:\TomGIT\HFFUmbraco\packages\UmbracoCms.7.7.8\UmbracoFiles\Umbraco\lib\bootstrap\less\
	    Same      		     670	accordion.less
	    Same      		    1448	alerts.less
	    Same      		    1552	bootstrap.less
	    Same      		     455	breadcrumbs.less
	    Same      		    5938	button-groups.less
	    Same      		    4994	buttons.less
	    Same      		    2640	carousel.less
	    Same      		     675	close.less
	    Same      		    1352	code.less
	    Same      		     328	component-animations.less
	    Same      		    5730	dropdowns.less
	    Same      		   16554	forms.less
	    Same      		     450	grid.less
	    Same      		     546	hero-unit.less
	    Same      		    1968	labels-badges.less
	    Same      		     344	layouts.less
	    Same      		     915	media.less
	    Same      		   23744	mixins.less
	    Same      		    2073	modals.less
	    Same      		   12547	navbar.less
	    Same      		    8572	navs.less
	    Same      		     802	pager.less
	    Same      		    2801	pagination.less
	    Same      		    3210	popovers.less
	    Same      		    2980	progress-bars.less
	    Same      		    4417	reset.less
	    Same      		     593	responsive-1200px-min.less
	    Same      		    4113	responsive-767px-max.less
	    Same      		     482	responsive-768px-979px.less
	    Same      		    4517	responsive-navbar.less
	    Same      		    1661	responsive-utilities.less
	    Same      		    1117	responsive.less
	    Same      		     938	scaffolding.less
	    Same      		   11038	sprites.less
	    Same      		    6499	tables.less
	    Same      		    1342	thumbnails.less
	    Same      		    1754	tooltip.less
	    Same      		    5104	type.less
	    Same      		     365	utilities.less
	    Same      		    9443	variables.less
	    Same      		     581	wells.less
	                   8	C:\TomGIT\HFFUmbraco\packages\UmbracoCms.7.7.8\UmbracoFiles\Umbraco\lib\bootstrap\less\tests\
	    Same      		    6550	buttons.html
	    Same      		    5625	css-tests.css
	    Same      		   41537	css-tests.html
	    Same      		    2433	forms-responsive.html
	    Same      		    4258	forms.html
	    Same      		    4796	navbar-fixed-top.html
	    Same      		    4818	navbar-static-top.html
	    Same      		    4904	navbar.html
	                   1	C:\TomGIT\HFFUmbraco\packages\UmbracoCms.7.7.8\UmbracoFiles\Umbraco\lib\bootstrap-social\
	    Same      		   20453	bootstrap-social.css
	                   2	C:\TomGIT\HFFUmbraco\packages\UmbracoCms.7.7.8\UmbracoFiles\Umbraco\lib\bootstrap-tabdrop\
	    Same      		    3811	bootstrap-tabdrop.js
	    Same      		    1552	README.md
	                   1	C:\TomGIT\HFFUmbraco\packages\UmbracoCms.7.7.8\UmbracoFiles\Umbraco\lib\clipboard\
	    Same      		   10917	clipboard.min.js
	                   0	C:\TomGIT\HFFUmbraco\packages\UmbracoCms.7.7.8\UmbracoFiles\Umbraco\lib\codemirror\
	                   0	C:\TomGIT\HFFUmbraco\packages\UmbracoCms.7.7.8\UmbracoFiles\Umbraco\lib\codemirror\addon\
	                   2	C:\TomGIT\HFFUmbraco\packages\UmbracoCms.7.7.8\UmbracoFiles\Umbraco\lib\codemirror\addon\dialog\
	    Same      		     507	dialog.css
	    Same      		    4938	dialog.js
	                   6	C:\TomGIT\HFFUmbraco\packages\UmbracoCms.7.7.8\UmbracoFiles\Umbraco\lib\codemirror\addon\edit\
	    Same      		    6498	closebrackets.js
	    Same      		    7590	closetag.js
	    Same      		    1750	continuelist.js
	    Same      		    5254	matchbrackets.js
	    Same      		    2355	matchtags.js
	    Same      		    1003	trailingspace.js
	                   5	C:\TomGIT\HFFUmbraco\packages\UmbracoCms.7.7.8\UmbracoFiles\Umbraco\lib\codemirror\addon\search\
	    Same      		    4943	match-highlighter.js
	    Same      		     188	matchesonscrollbar.css
	    Same      		    3808	matchesonscrollbar.js
	    Same      		    7294	search.js
	    Same      		    7723	searchcursor.js
	                   3	C:\TomGIT\HFFUmbraco\packages\UmbracoCms.7.7.8\UmbracoFiles\Umbraco\lib\codemirror\addon\selection\
	    Same      		    2442	active-line.js
	    Same      		    3781	mark-selection.js
	    Same      		    3292	selection-pointer.js
	                   2	C:\TomGIT\HFFUmbraco\packages\UmbracoCms.7.7.8\UmbracoFiles\Umbraco\lib\codemirror\lib\
	    Same      		    7771	codemirror.css
	    Same      		  347063	codemirror.js
	                   0	C:\TomGIT\HFFUmbraco\packages\UmbracoCms.7.7.8\UmbracoFiles\Umbraco\lib\codemirror\mode\
	                   1	C:\TomGIT\HFFUmbraco\packages\UmbracoCms.7.7.8\UmbracoFiles\Umbraco\lib\codemirror\mode\css\
	    Same      		   34123	css.js
	                   1	C:\TomGIT\HFFUmbraco\packages\UmbracoCms.7.7.8\UmbracoFiles\Umbraco\lib\codemirror\mode\htmlmixed\
	    Same      		    5001	htmlmixed.js
	                   1	C:\TomGIT\HFFUmbraco\packages\UmbracoCms.7.7.8\UmbracoFiles\Umbraco\lib\codemirror\mode\javascript\
	    Same      		   26636	javascript.js
	                   3	C:\TomGIT\HFFUmbraco\packages\UmbracoCms.7.7.8\UmbracoFiles\Umbraco\lib\codemirror\mode\razor\
	    Same      		   22778	index.html
	    Same      		    1172	LICENSE
	    Same      		    9631	razor.js
	                   1	C:\TomGIT\HFFUmbraco\packages\UmbracoCms.7.7.8\UmbracoFiles\Umbraco\lib\codemirror\mode\xml\
	    Same      		   12375	xml.js
	                   1	C:\TomGIT\HFFUmbraco\packages\UmbracoCms.7.7.8\UmbracoFiles\Umbraco\lib\cssparser\
	    Same      		  181181	cssparser.js
	                   2	C:\TomGIT\HFFUmbraco\packages\UmbracoCms.7.7.8\UmbracoFiles\Umbraco\lib\datetimepicker\
	    Same      		   60823	bootstrap-datetimepicker.js
	    Same      		    5062	bootstrap-datetimepicker.min.css
	                   0	C:\TomGIT\HFFUmbraco\packages\UmbracoCms.7.7.8\UmbracoFiles\Umbraco\lib\font-awesome\
	                   1	C:\TomGIT\HFFUmbraco\packages\UmbracoCms.7.7.8\UmbracoFiles\Umbraco\lib\font-awesome\css\
	    Same      		   21984	font-awesome.min.css
	                   5	C:\TomGIT\HFFUmbraco\packages\UmbracoCms.7.7.8\UmbracoFiles\Umbraco\lib\font-awesome\fonts\
	    Same      		   56006	fontawesome-webfont.eot
	    Same      		  287007	fontawesome-webfont.svg
	    Same      		  112160	fontawesome-webfont.ttf
	    Same      		   65452	fontawesome-webfont.woff
	    Same      		   85908	FontAwesome.otf
	                   2	C:\TomGIT\HFFUmbraco\packages\UmbracoCms.7.7.8\UmbracoFiles\Umbraco\lib\jquery\
	    Same      		   85578	jquery.min.js
	    Same      		  129572	jquery.min.map
	                   1	C:\TomGIT\HFFUmbraco\packages\UmbracoCms.7.7.8\UmbracoFiles\Umbraco\lib\jquery-migrate\
	    Same      		    9632	jquery-migrate.min.js
	                   2	C:\TomGIT\HFFUmbraco\packages\UmbracoCms.7.7.8\UmbracoFiles\Umbraco\lib\jquery-ui\
	    Same      		   27250	jquery-ui-1.10.4.custom.min.css
	    Same      		  240427	jquery-ui.min.js
	                   1	C:\TomGIT\HFFUmbraco\packages\UmbracoCms.7.7.8\UmbracoFiles\Umbraco\lib\jquery-ui-touch-punch\
	    Same      		    4967	jquery.ui.touch-punch.js
	                   1	C:\TomGIT\HFFUmbraco\packages\UmbracoCms.7.7.8\UmbracoFiles\Umbraco\lib\less\
	    Same      		  101869	less-1.7.0.min.js
	                   5	C:\TomGIT\HFFUmbraco\packages\UmbracoCms.7.7.8\UmbracoFiles\Umbraco\lib\markdown\
	    Same      		   46407	markdown.converter.js
	    Same      		    1655	markdown.css
	    Same      		   78543	markdown.editor.js
	    Same      		    4185	markdown.sanitizer.js
	    Same      		      95	red.css
	                   1	C:\TomGIT\HFFUmbraco\packages\UmbracoCms.7.7.8\UmbracoFiles\Umbraco\lib\moment\
	    Same      		  370101	moment-with-locales.js
	                   1	C:\TomGIT\HFFUmbraco\packages\UmbracoCms.7.7.8\UmbracoFiles\Umbraco\lib\ng-file-upload\
	    Same      		   23766	ng-file-upload.min.js
	                   1	C:\TomGIT\HFFUmbraco\packages\UmbracoCms.7.7.8\UmbracoFiles\Umbraco\lib\rgrove-lazyload\
	    Same      		   13187	lazyload.js
	                   2	C:\TomGIT\HFFUmbraco\packages\UmbracoCms.7.7.8\UmbracoFiles\Umbraco\lib\slider\
	    Same      		    2285	bootstrap-slider-custom.css
	    Same      		    8493	bootstrap-slider.css
	                   1	C:\TomGIT\HFFUmbraco\packages\UmbracoCms.7.7.8\UmbracoFiles\Umbraco\lib\slider\js\
	    Same      		   51451	bootstrap-slider.js
	                   2	C:\TomGIT\HFFUmbraco\packages\UmbracoCms.7.7.8\UmbracoFiles\Umbraco\lib\spectrum\
	    Same      		   15122	spectrum.css
	    Same      		   40684	spectrum.js
	                   1	C:\TomGIT\HFFUmbraco\packages\UmbracoCms.7.7.8\UmbracoFiles\Umbraco\lib\tinymce\
	    Same      		  405530	tinymce.min.js
	                  16	C:\TomGIT\HFFUmbraco\packages\UmbracoCms.7.7.8\UmbracoFiles\Umbraco\lib\tinymce\langs\
	    Same      		    7730	da.js
	    Same      		    8497	de.js
	    Same      		    6515	en.js
	    Same      		    6518	en_us.js
	    Same      		    8360	fi.js
	    Same      		    7765	fr.js
	    Same      		   15279	he.js
	    Same      		    7815	it.js
	    Same      		   12507	ja.js
	    Same      		    7452	nl.js
	    Same      		    6958	no.js
	    Same      		    8362	pl.js
	    Same      		    7053	pt.js
	    Same      		   22507	ru.js
	    Same      		    6966	sv.js
	    Same      		    8432	zh.js
	                   0	C:\TomGIT\HFFUmbraco\packages\UmbracoCms.7.7.8\UmbracoFiles\Umbraco\lib\tinymce\plugins\
	                   3	C:\TomGIT\HFFUmbraco\packages\UmbracoCms.7.7.8\UmbracoFiles\Umbraco\lib\tinymce\plugins\advlist\
	    Same      		     205	index.js
	    Same      		    3888	plugin.js
	    Same      		    2091	plugin.min.js
	                   3	C:\TomGIT\HFFUmbraco\packages\UmbracoCms.7.7.8\UmbracoFiles\Umbraco\lib\tinymce\plugins\anchor\
	    Same      		     202	index.js
	    Same      		    2259	plugin.js
	    Same      		    1188	plugin.min.js
	                   3	C:\TomGIT\HFFUmbraco\packages\UmbracoCms.7.7.8\UmbracoFiles\Umbraco\lib\tinymce\plugins\autolink\
	    Same      		     208	index.js
	    Same      		    5137	plugin.js
	    Same      		    2060	plugin.min.js
	                   3	C:\TomGIT\HFFUmbraco\packages\UmbracoCms.7.7.8\UmbracoFiles\Umbraco\lib\tinymce\plugins\autoresize\
	    Same      		     214	index.js
	    Same      		    4990	plugin.js
	    Same      		    1903	plugin.min.js
	                   3	C:\TomGIT\HFFUmbraco\packages\UmbracoCms.7.7.8\UmbracoFiles\Umbraco\lib\tinymce\plugins\autosave\
	    Same      		     208	index.js
	    Same      		    4159	plugin.js
	    Same      		    2187	plugin.min.js
	                   3	C:\TomGIT\HFFUmbraco\packages\UmbracoCms.7.7.8\UmbracoFiles\Umbraco\lib\tinymce\plugins\bbcode\
	    Same      		     202	index.js
	    Same      		    4223	plugin.js
	    Same      		    3136	plugin.min.js
	                   3	C:\TomGIT\HFFUmbraco\packages\UmbracoCms.7.7.8\UmbracoFiles\Umbraco\lib\tinymce\plugins\charmap\
	    Same      		     205	index.js
	    Same      		   11537	plugin.js
	    Same      		    8199	plugin.min.js
	                   3	C:\TomGIT\HFFUmbraco\packages\UmbracoCms.7.7.8\UmbracoFiles\Umbraco\lib\tinymce\plugins\code\
	    Same      		     196	index.js
	    Same      		    1569	plugin.js
	    Same      		     721	plugin.min.js
	                   2	C:\TomGIT\HFFUmbraco\packages\UmbracoCms.7.7.8\UmbracoFiles\Umbraco\lib\tinymce\plugins\codemirror\
	    Same      		    1141	plugin.min.js
	    Same      		    7671	source.html
	                  16	C:\TomGIT\HFFUmbraco\packages\UmbracoCms.7.7.8\UmbracoFiles\Umbraco\lib\tinymce\plugins\codemirror\langs\
	    Same      		     224	da.js
	    Same      		     224	de.js
	    Same      		     224	en.js
	    Same      		     224	en_us.js
	    Same      		     224	fi.js
	    Same      		     224	fr.js
	    Same      		     224	he.js
	    Same      		     224	it.js
	    Same      		     224	ja.js
	    Same      		     224	nl.js
	    Same      		     224	no.js
	    Same      		     224	pl.js
	    Same      		     224	pt.js
	    Same      		     224	ru.js
	    Same      		     224	sv.js
	    Same      		     224	zh.js
	                   3	C:\TomGIT\HFFUmbraco\packages\UmbracoCms.7.7.8\UmbracoFiles\Umbraco\lib\tinymce\plugins\codesample\
	    Same      		     214	index.js
	    Same      		   34938	plugin.js
	    Same      		   20332	plugin.min.js
	                   1	C:\TomGIT\HFFUmbraco\packages\UmbracoCms.7.7.8\UmbracoFiles\Umbraco\lib\tinymce\plugins\codesample\css\
	    Same      		    2289	prism.css
	                   3	C:\TomGIT\HFFUmbraco\packages\UmbracoCms.7.7.8\UmbracoFiles\Umbraco\lib\tinymce\plugins\colorpicker\
	    Same      		     217	index.js
	    Same      		    2450	plugin.js
	    Same      		    1222	plugin.min.js
	                   3	C:\TomGIT\HFFUmbraco\packages\UmbracoCms.7.7.8\UmbracoFiles\Umbraco\lib\tinymce\plugins\contextmenu\
	    Same      		     217	index.js
	    Same      		    2659	plugin.js
	    Same      		    1131	plugin.min.js
	                   3	C:\TomGIT\HFFUmbraco\packages\UmbracoCms.7.7.8\UmbracoFiles\Umbraco\lib\tinymce\plugins\directionality\
	    Same      		     226	index.js
	    Same      		    1465	plugin.js
	    Same      		     726	plugin.min.js
	                   3	C:\TomGIT\HFFUmbraco\packages\UmbracoCms.7.7.8\UmbracoFiles\Umbraco\lib\tinymce\plugins\emoticons\
	    Same      		     211	index.js
	    Same      		    1615	plugin.js
	    Same      		     911	plugin.min.js
	                  16	C:\TomGIT\HFFUmbraco\packages\UmbracoCms.7.7.8\UmbracoFiles\Umbraco\lib\tinymce\plugins\emoticons\img\
	    Same      		     354	smiley-cool.gif
	    Same      		     329	smiley-cry.gif
	    Same      		     331	smiley-embarassed.gif
	    Same      		     342	smiley-foot-in-mouth.gif
	    Same      		     340	smiley-frown.gif
	    Same      		     336	smiley-innocent.gif
	    Same      		     338	smiley-kiss.gif
	    Same      		     343	smiley-laughing.gif
	    Same      		     321	smiley-money-mouth.gif
	    Same      		     323	smiley-sealed.gif
	    Same      		     344	smiley-smile.gif
	    Same      		     338	smiley-surprised.gif
	    Same      		     328	smiley-tongue-out.gif
	    Same      		     337	smiley-undecided.gif
	    Same      		     350	smiley-wink.gif
	    Same      		     336	smiley-yell.gif
	                   3	C:\TomGIT\HFFUmbraco\packages\UmbracoCms.7.7.8\UmbracoFiles\Umbraco\lib\tinymce\plugins\fullpage\
	    Same      		     208	index.js
	    Same      		   12277	plugin.js
	    Same      		    6308	plugin.min.js
	                   3	C:\TomGIT\HFFUmbraco\packages\UmbracoCms.7.7.8\UmbracoFiles\Umbraco\lib\tinymce\plugins\fullscreen\
	    Same      		     214	index.js
	    Same      		    3587	plugin.js
	    Same      		    1675	plugin.min.js
	                   3	C:\TomGIT\HFFUmbraco\packages\UmbracoCms.7.7.8\UmbracoFiles\Umbraco\lib\tinymce\plugins\hr\
	    Same      		     190	index.js
	    Same      		     648	plugin.js
	    Same      		     322	plugin.min.js
	                   3	C:\TomGIT\HFFUmbraco\packages\UmbracoCms.7.7.8\UmbracoFiles\Umbraco\lib\tinymce\plugins\image\
	    Same      		     199	index.js
	    Same      		   16015	plugin.js
	    Same      		    8204	plugin.min.js
	                   3	C:\TomGIT\HFFUmbraco\packages\UmbracoCms.7.7.8\UmbracoFiles\Umbraco\lib\tinymce\plugins\imagetools\
	    Same      		     214	index.js
	    Same      		   75752	plugin.js
	    Same      		   30903	plugin.min.js
	                   3	C:\TomGIT\HFFUmbraco\packages\UmbracoCms.7.7.8\UmbracoFiles\Umbraco\lib\tinymce\plugins\importcss\
	    Same      		     211	index.js
	    Same      		    7241	plugin.js
	    Same      		    2747	plugin.min.js
	                   3	C:\TomGIT\HFFUmbraco\packages\UmbracoCms.7.7.8\UmbracoFiles\Umbraco\lib\tinymce\plugins\insertdatetime\
	    Same      		     226	index.js
	    Same      		    3484	plugin.js
	    Same      		    1971	plugin.min.js
	                   3	C:\TomGIT\HFFUmbraco\packages\UmbracoCms.7.7.8\UmbracoFiles\Umbraco\lib\tinymce\plugins\legacyoutput\
	    Same      		     220	index.js
	    Same      		    6332	plugin.js
	    Same      		    3263	plugin.min.js
	                   3	C:\TomGIT\HFFUmbraco\packages\UmbracoCms.7.7.8\UmbracoFiles\Umbraco\lib\tinymce\plugins\link\
	    Same      		     196	index.js
	    Same      		   14355	plugin.js
	    Same      		    6994	plugin.min.js
	                   3	C:\TomGIT\HFFUmbraco\packages\UmbracoCms.7.7.8\UmbracoFiles\Umbraco\lib\tinymce\plugins\lists\
	    Same      		     199	index.js
	    Same      		   37045	plugin.js
	    Same      		   14632	plugin.min.js
	                   3	C:\TomGIT\HFFUmbraco\packages\UmbracoCms.7.7.8\UmbracoFiles\Umbraco\lib\tinymce\plugins\media\
	    Same      		     199	index.js
	    Same      		   35728	plugin.js
	    Same      		   16449	plugin.min.js
	                   3	C:\TomGIT\HFFUmbraco\packages\UmbracoCms.7.7.8\UmbracoFiles\Umbraco\lib\tinymce\plugins\nonbreaking\
	    Same      		     217	index.js
	    Same      		    1210	plugin.js
	    Same      		     655	plugin.min.js
	                   3	C:\TomGIT\HFFUmbraco\packages\UmbracoCms.7.7.8\UmbracoFiles\Umbraco\lib\tinymce\plugins\noneditable\
	    Same      		     217	index.js
	    Same      		    3137	plugin.js
	    Same      		    1270	plugin.min.js
	                   3	C:\TomGIT\HFFUmbraco\packages\UmbracoCms.7.7.8\UmbracoFiles\Umbraco\lib\tinymce\plugins\pagebreak\
	    Same      		     211	index.js
	    Same      		    2400	plugin.js
	    Same      		    1230	plugin.min.js
	                   3	C:\TomGIT\HFFUmbraco\packages\UmbracoCms.7.7.8\UmbracoFiles\Umbraco\lib\tinymce\plugins\paste\
	    Same      		     199	index.js
	    Same      		   53703	plugin.js
	    Same      		   18216	plugin.min.js
	                   3	C:\TomGIT\HFFUmbraco\packages\UmbracoCms.7.7.8\UmbracoFiles\Umbraco\lib\tinymce\plugins\preview\
	    Same      		     205	index.js
	    Same      		    2999	plugin.js
	    Same      		    1602	plugin.min.js
	                   3	C:\TomGIT\HFFUmbraco\packages\UmbracoCms.7.7.8\UmbracoFiles\Umbraco\lib\tinymce\plugins\print\
	    Same      		     199	index.js
	    Same      		     624	plugin.js
	    Same      		     293	plugin.min.js
	                   3	C:\TomGIT\HFFUmbraco\packages\UmbracoCms.7.7.8\UmbracoFiles\Umbraco\lib\tinymce\plugins\save\
	    Same      		     196	index.js
	    Same      		    2065	plugin.js
	    Same      		    1150	plugin.min.js
	                   3	C:\TomGIT\HFFUmbraco\packages\UmbracoCms.7.7.8\UmbracoFiles\Umbraco\lib\tinymce\plugins\searchreplace\
	    Same      		     223	index.js
	    Same      		   15562	plugin.js
	    Same      		    6493	plugin.min.js
	                   3	C:\TomGIT\HFFUmbraco\packages\UmbracoCms.7.7.8\UmbracoFiles\Umbraco\lib\tinymce\plugins\spellchecker\
	    Same      		     220	index.js
	    Same      		   26505	plugin.js
	    Same      		   10048	plugin.min.js
	                   3	C:\TomGIT\HFFUmbraco\packages\UmbracoCms.7.7.8\UmbracoFiles\Umbraco\lib\tinymce\plugins\tabfocus\
	    Same      		     208	index.js
	    Same      		    2505	plugin.js
	    Same      		    1264	plugin.min.js
	                   3	C:\TomGIT\HFFUmbraco\packages\UmbracoCms.7.7.8\UmbracoFiles\Umbraco\lib\tinymce\plugins\table\
	    Same      		     199	index.js
	    Same      		  114941	plugin.js
	    Same      		   47126	plugin.min.js
	                   3	C:\TomGIT\HFFUmbraco\packages\UmbracoCms.7.7.8\UmbracoFiles\Umbraco\lib\tinymce\plugins\template\
	    Same      		     208	index.js
	    Same      		    7692	plugin.js
	    Same      		    4520	plugin.min.js
	                   3	C:\TomGIT\HFFUmbraco\packages\UmbracoCms.7.7.8\UmbracoFiles\Umbraco\lib\tinymce\plugins\textcolor\
	    Same      		     211	index.js
	    Same      		    7189	plugin.js
	    Same      		    4145	plugin.min.js
	                   3	C:\TomGIT\HFFUmbraco\packages\UmbracoCms.7.7.8\UmbracoFiles\Umbraco\lib\tinymce\plugins\textpattern\
	    Same      		     217	index.js
	    Same      		    6783	plugin.js
	    Same      		    2745	plugin.min.js
	                   3	C:\TomGIT\HFFUmbraco\packages\UmbracoCms.7.7.8\UmbracoFiles\Umbraco\lib\tinymce\plugins\toc\
	    Same      		     193	index.js
	    Same      		    6359	plugin.js
	    Same      		    2771	plugin.min.js
	                   3	C:\TomGIT\HFFUmbraco\packages\UmbracoCms.7.7.8\UmbracoFiles\Umbraco\lib\tinymce\plugins\visualblocks\
	    Same      		     220	index.js
	    Same      		    2139	plugin.js
	    Same      		    1153	plugin.min.js
	                   1	C:\TomGIT\HFFUmbraco\packages\UmbracoCms.7.7.8\UmbracoFiles\Umbraco\lib\tinymce\plugins\visualblocks\css\
	    Same      		    5092	visualblocks.css
	                   3	C:\TomGIT\HFFUmbraco\packages\UmbracoCms.7.7.8\UmbracoFiles\Umbraco\lib\tinymce\plugins\visualchars\
	    Same      		     217	index.js
	    Same      		    2589	plugin.js
	    Same      		    1178	plugin.min.js
	                   3	C:\TomGIT\HFFUmbraco\packages\UmbracoCms.7.7.8\UmbracoFiles\Umbraco\lib\tinymce\plugins\wordcount\
	    Same      		     211	index.js
	    Same      		   21183	plugin.js
	    Same      		   12027	plugin.min.js
	                   0	C:\TomGIT\HFFUmbraco\packages\UmbracoCms.7.7.8\UmbracoFiles\Umbraco\lib\tinymce\skins\
	                   4	C:\TomGIT\HFFUmbraco\packages\UmbracoCms.7.7.8\UmbracoFiles\Umbraco\lib\tinymce\skins\umbraco\
	    Same      		    2389	content.min.css
	    Same      		   30624	skin.classic.min.css
	    Same      		   30481	skin.ie7.min.css
	    Same      		   31598	skin.min.css
	                   9	C:\TomGIT\HFFUmbraco\packages\UmbracoCms.7.7.8\UmbracoFiles\Umbraco\lib\tinymce\skins\umbraco\fonts\
	    Same      		      68	readme.md
	    Same      		    9492	tinymce-small.eot
	    Same      		   24789	tinymce-small.svg
	    Same      		    9304	tinymce-small.ttf
	    Same      		    9380	tinymce-small.woff
	    Same      		   17572	tinymce.eot
	    Same      		   46121	tinymce.svg
	    Same      		   17408	tinymce.ttf
	    Same      		   17484	tinymce.woff
	                   5	C:\TomGIT\HFFUmbraco\packages\UmbracoCms.7.7.8\UmbracoFiles\Umbraco\lib\tinymce\skins\umbraco\img\
	    Same      		      53	anchor.gif
	    Same      		    2608	loader.gif
	    Same      		     152	object.gif
	    Same      		      43	trans.gif
	    Same      		      46	wline.gif
	                   0	C:\TomGIT\HFFUmbraco\packages\UmbracoCms.7.7.8\UmbracoFiles\Umbraco\lib\tinymce\themes\
	                   3	C:\TomGIT\HFFUmbraco\packages\UmbracoCms.7.7.8\UmbracoFiles\Umbraco\lib\tinymce\themes\inlite\
	    Same      		     198	index.js
	    Same      		   45787	theme.js
	    Same      		   16575	theme.min.js
	                   3	C:\TomGIT\HFFUmbraco\packages\UmbracoCms.7.7.8\UmbracoFiles\Umbraco\lib\tinymce\themes\modern\
	    Same      		     198	index.js
	    Same      		   33902	theme.js
	    Same      		   13151	theme.min.js
	                   1	C:\TomGIT\HFFUmbraco\packages\UmbracoCms.7.7.8\UmbracoFiles\Umbraco\lib\tinymce\themes\umbraco\
	    Same      		    4762	theme.min.js
	                   1	C:\TomGIT\HFFUmbraco\packages\UmbracoCms.7.7.8\UmbracoFiles\Umbraco\lib\typeahead.js\
	    Same      		   29675	typeahead.bundle.min.js
	                   5	C:\TomGIT\HFFUmbraco\packages\UmbracoCms.7.7.8\UmbracoFiles\Umbraco\lib\umbraco\
	    Same      		    1223	compat.js
	    Same      		   11361	Extensions.js
	    Same      		    2435	LegacySpeechBubble.js
	    Same      		   19720	LegacyUmbClientMgr.js
	    Same      		     836	NamespaceManager.js
	                   2	C:\TomGIT\HFFUmbraco\packages\UmbracoCms.7.7.8\UmbracoFiles\Umbraco\lib\underscore\
	    Same      		   15626	underscore-min.js
	    Same      		   25382	underscore-min.map
	                   3	C:\TomGIT\HFFUmbraco\packages\UmbracoCms.7.7.8\UmbracoFiles\Umbraco\Masterpages\
	    Same      		     234	default.Master
	    Same      		    1767	umbracoDialog.Master
	    Same      		    2281	umbracoPage.Master
	                   4	C:\TomGIT\HFFUmbraco\packages\UmbracoCms.7.7.8\UmbracoFiles\Umbraco\Members\
	    Same      		    1010	EditMemberGroup.aspx
	    Same      		    1838	MemberSearch.ascx
	    Same      		     798	search.aspx
	    Same      		    1913	ViewMembers.aspx
	                   0	C:\TomGIT\HFFUmbraco\packages\UmbracoCms.7.7.8\UmbracoFiles\Umbraco\PartialViewMacros\
	                  20	C:\TomGIT\HFFUmbraco\packages\UmbracoCms.7.7.8\UmbracoFiles\Umbraco\PartialViewMacros\Templates\
	    Same      		     931	Breadcrumb.cshtml
	    Same      		    2658	EditProfile.cshtml
	    Same      		      53	Empty (ForUseWithCustomViews).cshtml
	    Same      		      49	Empty.cshtml
	    Same      		    1617	Gallery.cshtml
	    Same      		     903	ListAncestorsFromCurrentPage.cshtml
	    Same      		    1005	ListChildPagesFromChangeableSource.cshtml
	    Same      		     629	ListChildPagesFromCurrentPage.cshtml
	    Same      		     759	ListChildPagesOrderedByDate.cshtml
	    Same      		     719	ListChildPagesOrderedByName.cshtml
	    Same      		    1025	ListChildPagesOrderedByProperty.cshtml
	    Same      		     687	ListChildPagesWithDoctype.cshtml
	    Same      		    2337	ListDescendantsFromCurrentPage.cshtml
	    Same      		    1032	ListImagesFromMediaFolder.cshtml
	    Same      		    1310	Login.cshtml
	    Same      		    1402	LoginStatus.cshtml
	    Same      		     779	MultinodeTree-picker.cshtml
	    Same      		     717	Navigation.cshtml
	    Same      		    4538	RegisterMember.cshtml
	    Same      		    1335	SiteMap.cshtml
	                   0	C:\TomGIT\HFFUmbraco\packages\UmbracoCms.7.7.8\UmbracoFiles\Umbraco\Plugins\
	                   1	C:\TomGIT\HFFUmbraco\packages\UmbracoCms.7.7.8\UmbracoFiles\Umbraco\Plugins\Tinymce3\
	    Same      		     171	tinymce3tinymceCompress.aspx
	                   1	C:\TomGIT\HFFUmbraco\packages\UmbracoCms.7.7.8\UmbracoFiles\Umbraco\preview\
	    Same      		    8443	index.html
	                  11	C:\TomGIT\HFFUmbraco\packages\UmbracoCms.7.7.8\UmbracoFiles\Umbraco\preview\editors\
	    Same      		    2504	background.html
	    Same      		     980	border.html
	    Same      		      90	color.html
	    Same      		    1518	googlefontpicker.html
	    Same      		     199	gridRow.html
	    Same      		     339	layout.html
	    Same      		     463	margin.html
	    Same      		     471	padding.html
	    Same      		     897	radius.html
	    Same      		     195	shadow.html
	    Same      		     215	slider.html
	                   3	C:\TomGIT\HFFUmbraco\packages\UmbracoCms.7.7.8\UmbracoFiles\Umbraco\Search\
	    Same      		    1100	QuickSearch.ascx
	    Same      		    3887	quickSearch.js
	    Same      		     139	QuickSearchHandler.ashx
	                   3	C:\TomGIT\HFFUmbraco\packages\UmbracoCms.7.7.8\UmbracoFiles\Umbraco\Settings\
	    Same      		     688	DictionaryItemList.aspx
	    Same      		     726	EditDictionaryItem.aspx
	    Same      		     899	editLanguage.aspx
	                   1	C:\TomGIT\HFFUmbraco\packages\UmbracoCms.7.7.8\UmbracoFiles\Umbraco\Settings\Modals\
	    Same      		    3355	ShowUmbracoTags.aspx
	                   1	C:\TomGIT\HFFUmbraco\packages\UmbracoCms.7.7.8\UmbracoFiles\Umbraco\Settings\Stylesheet\
	    Same      		    2484	editstylesheet.aspx
	                   1	C:\TomGIT\HFFUmbraco\packages\UmbracoCms.7.7.8\UmbracoFiles\Umbraco\Settings\Stylesheet\Property\
	    Same      		    2723	EditStyleSheetProperty.aspx
	                   5	C:\TomGIT\HFFUmbraco\packages\UmbracoCms.7.7.8\UmbracoFiles\Umbraco\Translation\
	    Same      		    2597	default.aspx
	    Same      		    1856	details.aspx
	    Same      		    1325	preview.aspx
	    Same      		    1007	translationTasks.dtd
	    Same      		     220	xml.aspx
	                   2	C:\TomGIT\HFFUmbraco\packages\UmbracoCms.7.7.8\UmbracoFiles\Umbraco\Views\
	    Same      		    2710	AuthorizeUpgrade.cshtml
	    Same      		    3268	Default.cshtml
	                   3	C:\TomGIT\HFFUmbraco\packages\UmbracoCms.7.7.8\UmbracoFiles\Umbraco\Views\common\
	    Same      		    1588	dashboard.html
	    Same      		     198	legacy.html
	    Same      		      59	login.html
	                  15	C:\TomGIT\HFFUmbraco\packages\UmbracoCms.7.7.8\UmbracoFiles\Umbraco\Views\common\dialogs\
	    Same      		     352	approvedcolorpicker.html
	    Same      		    2481	help.html
	    Same      		    2387	iconpicker.html
	    Same      		    2109	insertmacro.html
	    Same      		     461	legacydelete.html
	    Same      		    2787	linkpicker.html
	    Same      		   12623	login.html
	    Same      		    1324	macropicker.html
	    Same      		    6277	mediapicker.html
	    Same      		    1172	membergrouppicker.html
	    Same      		      24	property.html
	    Same      		    1912	rteembed.html
	    Same      		    2450	treepicker.html
	    Same      		    4788	user.html
	    Same      		     978	ysod.html
	                   1	C:\TomGIT\HFFUmbraco\packages\UmbracoCms.7.7.8\UmbracoFiles\Umbraco\Views\common\dialogs\content\
	    Same      		    2803	edit.html
	                   2	C:\TomGIT\HFFUmbraco\packages\UmbracoCms.7.7.8\UmbracoFiles\Umbraco\Views\common\dialogs\template\
	    Same      		    5005	querybuilder.html
	    Same      		    1556	snippet.html
	                   1	C:\TomGIT\HFFUmbraco\packages\UmbracoCms.7.7.8\UmbracoFiles\Umbraco\Views\common\notifications\
	    Same      		     577	confirmroutechange.html
	                   0	C:\TomGIT\HFFUmbraco\packages\UmbracoCms.7.7.8\UmbracoFiles\Umbraco\Views\common\overlays\
	                   1	C:\TomGIT\HFFUmbraco\packages\UmbracoCms.7.7.8\UmbracoFiles\Umbraco\Views\common\overlays\contentpicker\
	    Same      		    1670	contentpicker.html
	                   0	C:\TomGIT\HFFUmbraco\packages\UmbracoCms.7.7.8\UmbracoFiles\Umbraco\Views\common\overlays\contenttypeeditor\
	                   1	C:\TomGIT\HFFUmbraco\packages\UmbracoCms.7.7.8\UmbracoFiles\Umbraco\Views\common\overlays\contenttypeeditor\compositions\
	    Same      		    2729	compositions.html
	                   1	C:\TomGIT\HFFUmbraco\packages\UmbracoCms.7.7.8\UmbracoFiles\Umbraco\Views\common\overlays\contenttypeeditor\editorpicker\
	    Same      		    4040	editorpicker.html
	                   1	C:\TomGIT\HFFUmbraco\packages\UmbracoCms.7.7.8\UmbracoFiles\Umbraco\Views\common\overlays\contenttypeeditor\editorsettings\
	    Same      		     892	editorsettings.html
	                   1	C:\TomGIT\HFFUmbraco\packages\UmbracoCms.7.7.8\UmbracoFiles\Umbraco\Views\common\overlays\contenttypeeditor\propertysettings\
	    Same      		    4705	propertysettings.html
	                   1	C:\TomGIT\HFFUmbraco\packages\UmbracoCms.7.7.8\UmbracoFiles\Umbraco\Views\common\overlays\copy\
	    Same      		    1975	copy.html
	                   1	C:\TomGIT\HFFUmbraco\packages\UmbracoCms.7.7.8\UmbracoFiles\Umbraco\Views\common\overlays\embed\
	    Same      		    1256	embed.html
	                   1	C:\TomGIT\HFFUmbraco\packages\UmbracoCms.7.7.8\UmbracoFiles\Umbraco\Views\common\overlays\help\
	    Same      		    2432	help.html
	                   1	C:\TomGIT\HFFUmbraco\packages\UmbracoCms.7.7.8\UmbracoFiles\Umbraco\Views\common\overlays\iconpicker\
	    Same      		    2213	iconpicker.html
	                   1	C:\TomGIT\HFFUmbraco\packages\UmbracoCms.7.7.8\UmbracoFiles\Umbraco\Views\common\overlays\insert\
	    Same      		    2426	insert.html
	                   1	C:\TomGIT\HFFUmbraco\packages\UmbracoCms.7.7.8\UmbracoFiles\Umbraco\Views\common\overlays\insertfield\
	    Same      		   10099	insertfield.html
	                   1	C:\TomGIT\HFFUmbraco\packages\UmbracoCms.7.7.8\UmbracoFiles\Umbraco\Views\common\overlays\itempicker\
	    Same      		     927	itempicker.html
	                   1	C:\TomGIT\HFFUmbraco\packages\UmbracoCms.7.7.8\UmbracoFiles\Umbraco\Views\common\overlays\linkpicker\
	    Same      		    3159	linkpicker.html
	                   1	C:\TomGIT\HFFUmbraco\packages\UmbracoCms.7.7.8\UmbracoFiles\Umbraco\Views\common\overlays\macropicker\
	    Same      		    2214	macropicker.html
	                   1	C:\TomGIT\HFFUmbraco\packages\UmbracoCms.7.7.8\UmbracoFiles\Umbraco\Views\common\overlays\mediaPicker\
	    Same      		    5341	mediapicker.html
	                   1	C:\TomGIT\HFFUmbraco\packages\UmbracoCms.7.7.8\UmbracoFiles\Umbraco\Views\common\overlays\mediatypepicker\
	    Same      		     459	mediatypepicker.html
	                   1	C:\TomGIT\HFFUmbraco\packages\UmbracoCms.7.7.8\UmbracoFiles\Umbraco\Views\common\overlays\membergrouppicker\
	    Same      		     317	membergrouppicker.html
	                   1	C:\TomGIT\HFFUmbraco\packages\UmbracoCms.7.7.8\UmbracoFiles\Umbraco\Views\common\overlays\memberpicker\
	    Same      		    1669	memberpicker.html
	                   1	C:\TomGIT\HFFUmbraco\packages\UmbracoCms.7.7.8\UmbracoFiles\Umbraco\Views\common\overlays\move\
	    Same      		    1443	move.html
	                   1	C:\TomGIT\HFFUmbraco\packages\UmbracoCms.7.7.8\UmbracoFiles\Umbraco\Views\common\overlays\nodepermissions\
	    Same      		     484	nodepermissions.html
	                   1	C:\TomGIT\HFFUmbraco\packages\UmbracoCms.7.7.8\UmbracoFiles\Umbraco\Views\common\overlays\querybuilder\
	    Same      		    4367	querybuilder.html
	                   1	C:\TomGIT\HFFUmbraco\packages\UmbracoCms.7.7.8\UmbracoFiles\Umbraco\Views\common\overlays\sectionpicker\
	    Same      		     802	sectionpicker.html
	                   1	C:\TomGIT\HFFUmbraco\packages\UmbracoCms.7.7.8\UmbracoFiles\Umbraco\Views\common\overlays\templatesections\
	    Same      		    3030	templatesections.html
	                   1	C:\TomGIT\HFFUmbraco\packages\UmbracoCms.7.7.8\UmbracoFiles\Umbraco\Views\common\overlays\treepicker\
	    Same      		    1914	treepicker.html
	                   1	C:\TomGIT\HFFUmbraco\packages\UmbracoCms.7.7.8\UmbracoFiles\Umbraco\Views\common\overlays\user\
	    Same      		    4299	user.html
	                   1	C:\TomGIT\HFFUmbraco\packages\UmbracoCms.7.7.8\UmbracoFiles\Umbraco\Views\common\overlays\usergrouppicker\
	    Same      		    3086	usergrouppicker.html
	                   1	C:\TomGIT\HFFUmbraco\packages\UmbracoCms.7.7.8\UmbracoFiles\Umbraco\Views\common\overlays\userpicker\
	    Same      		    2317	userpicker.html
	                   1	C:\TomGIT\HFFUmbraco\packages\UmbracoCms.7.7.8\UmbracoFiles\Umbraco\Views\common\overlays\ysod\
	    Same      		    1081	ysod.html
	                  29	C:\TomGIT\HFFUmbraco\packages\UmbracoCms.7.7.8\UmbracoFiles\Umbraco\Views\components\
	    Same      		     330	umb-avatar.html
	    Same      		      86	umb-badge.html
	    Same      		     111	umb-checkmark.html
	    Same      		    1623	umb-child-selector.html
	    Same      		     570	umb-confirm-action.html
	    Same      		     433	umb-confirm.html
	    Same      		    1409	umb-content-grid.html
	    Same      		     243	umb-date-time-picker.html
	    Same      		      23	umb-dropdown-item.html
	    Same      		      75	umb-dropdown.html
	    Same      		     204	umb-empty-state.html
	    Same      		     620	umb-folder-grid.html
	    Same      		     309	umb-generate-alias.html
	    Same      		    2501	umb-grid-selector.html
	    Same      		   17466	umb-groups-builder.html
	    Same      		    2298	umb-keyboard-shortcuts-overview.html
	    Same      		     712	umb-layout-selector.html
	    Same      		     918	umb-lightbox.html
	    Same      		      77	umb-list-view-layout.html
	    Same      		    2227	umb-list-view-settings.html
	    Same      		     206	umb-load-indicator.html
	    Same      		    1570	umb-locked-field.html
	    Same      		    1958	umb-media-grid.html
	    Same      		    5012	umb-mini-list-view.html
	    Same      		    1359	umb-node-preview.html
	    Same      		     863	umb-pagination.html
	    Same      		     152	umb-progress-bar.html
	    Same      		    3292	umb-table.html
	    Same      		      87	umb-tooltip.html
	                   3	C:\TomGIT\HFFUmbraco\packages\UmbracoCms.7.7.8\UmbracoFiles\Umbraco\Views\components\application\
	    Same      		     579	umb-contextmenu.html
	    Same      		    4328	umb-navigation.html
	    Same      		    2704	umb-sections.html
	                   3	C:\TomGIT\HFFUmbraco\packages\UmbracoCms.7.7.8\UmbracoFiles\Umbraco\Views\components\buttons\
	    Same      		    1122	umb-button-group.html
	    Same      		    2042	umb-button.html
	    Same      		    1091	umb-toggle.html
	                   1	C:\TomGIT\HFFUmbraco\packages\UmbracoCms.7.7.8\UmbracoFiles\Umbraco\Views\components\content\
	    Same      		    2449	edit.html
	                  10	C:\TomGIT\HFFUmbraco\packages\UmbracoCms.7.7.8\UmbracoFiles\Umbraco\Views\components\editor\
	    Same      		     794	umb-breadcrumbs.html
	    Same      		     268	umb-editor-container.html
	    Same      		      72	umb-editor-footer-content-left.html
	    Same      		      73	umb-editor-footer-content-right.html
	    Same      		     134	umb-editor-footer.html
	    Same      		    3591	umb-editor-header.html
	    Same      		     870	umb-editor-menu.html
	    Same      		     523	umb-editor-navigation.html
	    Same      		     291	umb-editor-sub-views.html
	    Same      		     140	umb-editor-view.html
	                   4	C:\TomGIT\HFFUmbraco\packages\UmbracoCms.7.7.8\UmbracoFiles\Umbraco\Views\components\editor\subheader\
	    Same      		      71	umb-editor-sub-header-content-left.html
	    Same      		      72	umb-editor-sub-header-content-right.html
	    Same      		      66	umb-editor-sub-header-section.html
	    Same      		     135	umb-editor-sub-header.html
	                   3	C:\TomGIT\HFFUmbraco\packages\UmbracoCms.7.7.8\UmbracoFiles\Umbraco\Views\components\html\
	    Same      		     660	umb-control-group.html
	    Same      		      47	umb-pane.html
	    Same      		      58	umb-panel.html
	                   3	C:\TomGIT\HFFUmbraco\packages\UmbracoCms.7.7.8\UmbracoFiles\Umbraco\Views\components\html\umb-box\
	    Same      		      49	umb-box-content.html
	    Same      		     474	umb-box-header.html
	    Same      		      41	umb-box.html
	                   3	C:\TomGIT\HFFUmbraco\packages\UmbracoCms.7.7.8\UmbracoFiles\Umbraco\Views\components\imaging\
	    Same      		     571	umb-image-crop.html
	    Same      		     323	umb-image-gravity.html
	    Same      		     230	umb-image-thumbnail.html
	                   1	C:\TomGIT\HFFUmbraco\packages\UmbracoCms.7.7.8\UmbracoFiles\Umbraco\Views\components\notifications\
	    Same      		     965	umb-notifications.html
	                   2	C:\TomGIT\HFFUmbraco\packages\UmbracoCms.7.7.8\UmbracoFiles\Umbraco\Views\components\overlays\
	    Same      		      95	umb-overlay-backdrop.html
	    Same      		    3368	umb-overlay.html
	                   3	C:\TomGIT\HFFUmbraco\packages\UmbracoCms.7.7.8\UmbracoFiles\Umbraco\Views\components\property\
	    Same      		     131	umb-property-editor.html
	    Same      		       0	umb-property-group.html
	    Same      		     880	umb-property.html
	                   3	C:\TomGIT\HFFUmbraco\packages\UmbracoCms.7.7.8\UmbracoFiles\Umbraco\Views\components\tabs\
	    Same      		     130	umb-tab.html
	    Same      		      85	umb-tabs-content.html
	    Same      		     215	umb-tabs-nav.html
	                   2	C:\TomGIT\HFFUmbraco\packages\UmbracoCms.7.7.8\UmbracoFiles\Umbraco\Views\components\tree\
	    Same      		     599	umb-tree-search-box.html
	    Same      		     892	umb-tree-search-results.html
	                   1	C:\TomGIT\HFFUmbraco\packages\UmbracoCms.7.7.8\UmbracoFiles\Umbraco\Views\components\upload\
	    Same      		    3715	umb-file-dropzone.html
	                   4	C:\TomGIT\HFFUmbraco\packages\UmbracoCms.7.7.8\UmbracoFiles\Umbraco\Views\components\users\
	    Same      		    4183	change-password.html
	    Same      		     365	umb-permission.html
	    Same      		    2380	umb-user-group-preview.html
	    Same      		     700	umb-user-preview.html
	                  11	C:\TomGIT\HFFUmbraco\packages\UmbracoCms.7.7.8\UmbracoFiles\Umbraco\Views\content\
	    Same      		    3852	copy.html
	    Same      		    2209	create.html
	    Same      		    1761	createblueprint.html
	    Same      		     463	delete.html
	    Same      		     438	edit.html
	    Same      		     704	emptyrecyclebin.html
	    Same      		    3403	move.html
	    Same      		     522	recyclebin.html
	    Same      		     977	restore.html
	    Same      		    6356	rights.html
	    Same      		     206	umbpreview.html
	                   4	C:\TomGIT\HFFUmbraco\packages\UmbracoCms.7.7.8\UmbracoFiles\Umbraco\Views\contentblueprints\
	    Same      		    1551	create.html
	    Same      		     441	delete.html
	    Same      		     372	edit.html
	    Same      		    1857	intro.html
	                   1	C:\TomGIT\HFFUmbraco\packages\UmbracoCms.7.7.8\UmbracoFiles\Umbraco\Views\dashboard\
	    Same      		     587	ChangePassword.html
	                   6	C:\TomGIT\HFFUmbraco\packages\UmbracoCms.7.7.8\UmbracoFiles\Umbraco\Views\dashboard\default\
	    Same      		   25651	ourumbraco.jpg
	    Same      		    3498	StartupDashboardIntro.html
	    Same      		    1365	StartupDashboardKits.html
	    Same      		       0	StartupDashboardLastEdits.html
	    Same      		     828	StartupDashboardVideos.html
	    Same      		   49817	umbracotv.jpg
	                   6	C:\TomGIT\HFFUmbraco\packages\UmbracoCms.7.7.8\UmbracoFiles\Umbraco\Views\dashboard\developer\
	    Same      		    1251	developerdashboardintro.html
	    Same      		    1015	developerdashboardvideos.html
	    Same      		   17956	examinemanagement.html
	    Same      		    7081	healthcheck.html
	    Same      		    5252	redirecturls.html
	    Same      		    1309	xmldataintegrityreport.html
	                   1	C:\TomGIT\HFFUmbraco\packages\UmbracoCms.7.7.8\UmbracoFiles\Umbraco\Views\dashboard\forms\
	    Same      		    1643	formsdashboardintro.html
	                   4	C:\TomGIT\HFFUmbraco\packages\UmbracoCms.7.7.8\UmbracoFiles\Umbraco\Views\dashboard\media\
	    Same      		    1838	desktopmediauploader.html
	    Same      		     917	mediadashboardintro.html
	    Same      		     829	mediadashboardvideos.html
	    Same      		     157	mediafolderbrowser.html
	                   2	C:\TomGIT\HFFUmbraco\packages\UmbracoCms.7.7.8\UmbracoFiles\Umbraco\Views\dashboard\members\
	    Same      		     394	membersdashboardintro.html
	    Same      		     813	membersdashboardvideos.html
	                   2	C:\TomGIT\HFFUmbraco\packages\UmbracoCms.7.7.8\UmbracoFiles\Umbraco\Views\dashboard\settings\
	    Same      		    1321	settingsdashboardintro.html
	    Same      		     829	settingsdashboardvideos.html
	                   5	C:\TomGIT\HFFUmbraco\packages\UmbracoCms.7.7.8\UmbracoFiles\Umbraco\Views\datatypes\
	    Same      		    1926	create.html
	    Same      		    1612	delete.html
	    Same      		    2104	edit.html
	    Same      		    2135	move.html
	    Same      		     966	rename.html
	                   0	C:\TomGIT\HFFUmbraco\packages\UmbracoCms.7.7.8\UmbracoFiles\Umbraco\Views\directives\
	                   8	C:\TomGIT\HFFUmbraco\packages\UmbracoCms.7.7.8\UmbracoFiles\Umbraco\Views\directives\_obsolete\
	    Same      		     738	umb-content-name.html
	    Same      		     406	umb-header.html
	    Same      		    1472	umb-item-sorter.html
	    Same      		     572	umb-login.html
	    Same      		     832	umb-optionsmenu.html
	    Same      		    1080	umb-photo-folder.html
	    Same      		     147	umb-tab-view.html
	    Same      		     239	umb-upload-dropzone.html
	                   8	C:\TomGIT\HFFUmbraco\packages\UmbracoCms.7.7.8\UmbracoFiles\Umbraco\Views\documenttypes\
	    Same      		    2194	copy.html
	    Same      		    2405	create.html
	    Same      		    1710	delete.html
	    Same      		    2425	edit.html
	    Same      		    2192	move.html
	    Same      		     148	property.html
	    Same      		       0	propertygroup.html
	    Same      		     973	rename.html
	                   0	C:\TomGIT\HFFUmbraco\packages\UmbracoCms.7.7.8\UmbracoFiles\Umbraco\Views\documenttypes\views\
	                   1	C:\TomGIT\HFFUmbraco\packages\UmbracoCms.7.7.8\UmbracoFiles\Umbraco\Views\documenttypes\views\design\
	    Same      		      95	design.html
	                   1	C:\TomGIT\HFFUmbraco\packages\UmbracoCms.7.7.8\UmbracoFiles\Umbraco\Views\documenttypes\views\listview\
	    Same      		     553	listview.html
	                   1	C:\TomGIT\HFFUmbraco\packages\UmbracoCms.7.7.8\UmbracoFiles\Umbraco\Views\documenttypes\views\permissions\
	    Same      		    1680	permissions.html
	                   1	C:\TomGIT\HFFUmbraco\packages\UmbracoCms.7.7.8\UmbracoFiles\Umbraco\Views\documenttypes\views\templates\
	    Same      		     845	templates.html
	                   9	C:\TomGIT\HFFUmbraco\packages\UmbracoCms.7.7.8\UmbracoFiles\Umbraco\Views\install\
	    Same      		     401	continueinstall.html
	    Same      		    4724	database.html
	    Same      		     329	error.html
	    Same      		    1104	machinekey.html
	    Same      		    1006	permissionsreport.html
	    Same      		     914	starterkit.html
	    Same      		     885	upgrade.html
	    Same      		    2921	user.html
	    Same      		    1015	version7upgradereport.html
	                   6	C:\TomGIT\HFFUmbraco\packages\UmbracoCms.7.7.8\UmbracoFiles\Umbraco\Views\media\
	    Same      		    1638	create.html
	    Same      		     445	delete.html
	    Same      		    2134	edit.html
	    Same      		     714	emptyrecyclebin.html
	    Same      		    1769	move.html
	    Same      		     522	recyclebin.html
	                   6	C:\TomGIT\HFFUmbraco\packages\UmbracoCms.7.7.8\UmbracoFiles\Umbraco\Views\mediatypes\
	    Same      		    2188	copy.html
	    Same      		    1947	create.html
	    Same      		    1649	delete.html
	    Same      		    2421	edit.html
	    Same      		    2170	move.html
	    Same      		     966	rename.html
	                   0	C:\TomGIT\HFFUmbraco\packages\UmbracoCms.7.7.8\UmbracoFiles\Umbraco\Views\mediatypes\views\
	                   1	C:\TomGIT\HFFUmbraco\packages\UmbracoCms.7.7.8\UmbracoFiles\Umbraco\Views\mediatypes\views\design\
	    Same      		      92	design.html
	                   1	C:\TomGIT\HFFUmbraco\packages\UmbracoCms.7.7.8\UmbracoFiles\Umbraco\Views\mediatypes\views\listview\
	    Same      		     550	listview.html
	                   1	C:\TomGIT\HFFUmbraco\packages\UmbracoCms.7.7.8\UmbracoFiles\Umbraco\Views\mediatypes\views\permissions\
	    Same      		    1679	permissions.html
	                   4	C:\TomGIT\HFFUmbraco\packages\UmbracoCms.7.7.8\UmbracoFiles\Umbraco\Views\member\
	    Same      		    1009	create.html
	    Same      		     459	delete.html
	    Same      		    2040	edit.html
	    Same      		    1094	list.html
	                   4	C:\TomGIT\HFFUmbraco\packages\UmbracoCms.7.7.8\UmbracoFiles\Umbraco\Views\membertypes\
	    Same      		    1918	create.html
	    Same      		    1127	delete.html
	    Same      		    2380	edit.html
	    Same      		     362	move.html
	                   0	C:\TomGIT\HFFUmbraco\packages\UmbracoCms.7.7.8\UmbracoFiles\Umbraco\Views\membertypes\views\
	                   1	C:\TomGIT\HFFUmbraco\packages\UmbracoCms.7.7.8\UmbracoFiles\Umbraco\Views\membertypes\views\design\
	    Same      		     121	design.html
	                   2	C:\TomGIT\HFFUmbraco\packages\UmbracoCms.7.7.8\UmbracoFiles\Umbraco\Views\packager\
	    Same      		     454	delete.html
	    Same      		     783	overview.html
	                   3	C:\TomGIT\HFFUmbraco\packages\UmbracoCms.7.7.8\UmbracoFiles\Umbraco\Views\packager\views\
	    Same      		    9227	install-local.html
	    Same      		    6122	installed.html
	    Same      		   20878	repo.html
	                   3	C:\TomGIT\HFFUmbraco\packages\UmbracoCms.7.7.8\UmbracoFiles\Umbraco\Views\partialviewmacros\
	    Same      		    3986	create.html
	    Same      		     442	delete.html
	    Same      		    4413	edit.html
	                   3	C:\TomGIT\HFFUmbraco\packages\UmbracoCms.7.7.8\UmbracoFiles\Umbraco\Views\partialviews\
	    Same      		    3494	create.html
	    Same      		     437	delete.html
	    Same      		    4788	edit.html
	                  17	C:\TomGIT\HFFUmbraco\packages\UmbracoCms.7.7.8\UmbracoFiles\Umbraco\Views\prevalueeditors\
	    Same      		     101	boolean.html
	    Same      		     437	decimal.html
	    Same      		      84	hidden.html
	    Same      		    1112	imagepicker.html
	    Same      		     876	mediapicker.html
	    Same      		     682	multivalues.html
	    Same      		     166	nodetype.html
	    Same      		     434	number.html
	    Same      		     261	radiobuttonlist.html
	    Same      		     222	readonlykeyvalues.html
	    Same      		     411	requiredfield.html
	    Same      		     101	textarea.html
	    Same      		      94	textstring.html
	    Same      		     470	textstringlimited.html
	    Same      		     866	treepicker.html
	    Same      		    2942	treesource.html
	    Same      		     270	valuetype.html
	                   0	C:\TomGIT\HFFUmbraco\packages\UmbracoCms.7.7.8\UmbracoFiles\Umbraco\Views\propertyeditors\
	                   1	C:\TomGIT\HFFUmbraco\packages\UmbracoCms.7.7.8\UmbracoFiles\Umbraco\Views\propertyeditors\boolean\
	    Same      		     187	boolean.html
	                   1	C:\TomGIT\HFFUmbraco\packages\UmbracoCms.7.7.8\UmbracoFiles\Umbraco\Views\propertyeditors\changepassword\
	    Same      		     230	changepassword.html
	                   1	C:\TomGIT\HFFUmbraco\packages\UmbracoCms.7.7.8\UmbracoFiles\Umbraco\Views\propertyeditors\checkboxlist\
	    Same      		     465	checkboxlist.html
	                   2	C:\TomGIT\HFFUmbraco\packages\UmbracoCms.7.7.8\UmbracoFiles\Umbraco\Views\propertyeditors\colorpicker\
	    Same      		     684	colorpicker.html
	    Same      		     916	colorpicker.prevalues.html
	                   1	C:\TomGIT\HFFUmbraco\packages\UmbracoCms.7.7.8\UmbracoFiles\Umbraco\Views\propertyeditors\contentpicker\
	    Same      		    2320	contentpicker.html
	                   1	C:\TomGIT\HFFUmbraco\packages\UmbracoCms.7.7.8\UmbracoFiles\Umbraco\Views\propertyeditors\datepicker\
	    Same      		    1866	datepicker.html
	                   1	C:\TomGIT\HFFUmbraco\packages\UmbracoCms.7.7.8\UmbracoFiles\Umbraco\Views\propertyeditors\decimal\
	    Same      		     645	decimal.html
	                   1	C:\TomGIT\HFFUmbraco\packages\UmbracoCms.7.7.8\UmbracoFiles\Umbraco\Views\propertyeditors\dropdown\
	    Same      		     782	dropdown.html
	                   1	C:\TomGIT\HFFUmbraco\packages\UmbracoCms.7.7.8\UmbracoFiles\Umbraco\Views\propertyeditors\email\
	    Same      		     700	email.html
	                   1	C:\TomGIT\HFFUmbraco\packages\UmbracoCms.7.7.8\UmbracoFiles\Umbraco\Views\propertyeditors\entitypicker\
	    Same      		     661	entitypicker.html
	                   1	C:\TomGIT\HFFUmbraco\packages\UmbracoCms.7.7.8\UmbracoFiles\Umbraco\Views\propertyeditors\fileupload\
	    Same      		    1716	fileupload.html
	                   1	C:\TomGIT\HFFUmbraco\packages\UmbracoCms.7.7.8\UmbracoFiles\Umbraco\Views\propertyeditors\folderbrowser\
	    Same      		     149	folderbrowser.html
	                   1	C:\TomGIT\HFFUmbraco\packages\UmbracoCms.7.7.8\UmbracoFiles\Umbraco\Views\propertyeditors\googlemaps\
	    Same      		     182	googlemaps.html
	                   2	C:\TomGIT\HFFUmbraco\packages\UmbracoCms.7.7.8\UmbracoFiles\Umbraco\Views\propertyeditors\grid\
	    Same      		   16515	grid.html
	    Same      		    7307	grid.prevalues.html
	                   2	C:\TomGIT\HFFUmbraco\packages\UmbracoCms.7.7.8\UmbracoFiles\Umbraco\Views\propertyeditors\grid\config\
	    Same      		    7328	grid.default.config.js
	    Same      		     265	grid.default.rtestyles.css
	                   5	C:\TomGIT\HFFUmbraco\packages\UmbracoCms.7.7.8\UmbracoFiles\Umbraco\Views\propertyeditors\grid\dialogs\
	    Same      		     485	config.html
	    Same      		     472	editconfig.html
	    Same      		    4915	layoutconfig.html
	    Same      		    4403	rowconfig.html
	    Same      		     432	rowdeleteconfirm.html
	                   6	C:\TomGIT\HFFUmbraco\packages\UmbracoCms.7.7.8\UmbracoFiles\Umbraco\Views\propertyeditors\grid\editors\
	    Same      		     519	embed.html
	    Same      		     114	error.html
	    Same      		     603	macro.html
	    Same      		     799	media.html
	    Same      		    1042	rte.html
	    Same      		     302	textstring.html
	                   2	C:\TomGIT\HFFUmbraco\packages\UmbracoCms.7.7.8\UmbracoFiles\Umbraco\Views\propertyeditors\imagecropper\
	    Same      		    3113	imagecropper.html
	    Same      		    2373	imagecropper.prevalues.html
	                   1	C:\TomGIT\HFFUmbraco\packages\UmbracoCms.7.7.8\UmbracoFiles\Umbraco\Views\propertyeditors\integer\
	    Same      		     663	integer.html
	                   6	C:\TomGIT\HFFUmbraco\packages\UmbracoCms.7.7.8\UmbracoFiles\Umbraco\Views\propertyeditors\listview\
	    Same      		    1218	bulkActionPermissions.prevalues.html
	    Same      		    2479	includeproperties.prevalues.html
	    Same      		    2297	layouts.prevalues.html
	    Same      		    8482	listview.html
	    Same      		     459	orderDirection.prevalues.html
	    Same      		     190	sortby.prevalues.html
	                   0	C:\TomGIT\HFFUmbraco\packages\UmbracoCms.7.7.8\UmbracoFiles\Umbraco\Views\propertyeditors\listview\layouts\
	                   1	C:\TomGIT\HFFUmbraco\packages\UmbracoCms.7.7.8\UmbracoFiles\Umbraco\Views\propertyeditors\listview\layouts\grid\
	    Same      		    3329	grid.html
	                   1	C:\TomGIT\HFFUmbraco\packages\UmbracoCms.7.7.8\UmbracoFiles\Umbraco\Views\propertyeditors\listview\layouts\list\
	    Same      		    2685	list.html
	                   2	C:\TomGIT\HFFUmbraco\packages\UmbracoCms.7.7.8\UmbracoFiles\Umbraco\Views\propertyeditors\macrocontainer\
	    Same      		    1159	macrocontainer.html
	    Same      		     217	macrolist.prevalues.html
	                   1	C:\TomGIT\HFFUmbraco\packages\UmbracoCms.7.7.8\UmbracoFiles\Umbraco\Views\propertyeditors\markdowneditor\
	    Same      		     538	markdowneditor.html
	                   1	C:\TomGIT\HFFUmbraco\packages\UmbracoCms.7.7.8\UmbracoFiles\Umbraco\Views\propertyeditors\mediapicker\
	    Same      		    2539	mediapicker.html
	                   1	C:\TomGIT\HFFUmbraco\packages\UmbracoCms.7.7.8\UmbracoFiles\Umbraco\Views\propertyeditors\membergrouppicker\
	    Same      		     688	membergrouppicker.html
	                   1	C:\TomGIT\HFFUmbraco\packages\UmbracoCms.7.7.8\UmbracoFiles\Umbraco\Views\propertyeditors\membergroups\
	    Same      		     688	membergroups.html
	                   1	C:\TomGIT\HFFUmbraco\packages\UmbracoCms.7.7.8\UmbracoFiles\Umbraco\Views\propertyeditors\memberpicker\
	    Same      		     728	memberpicker.html
	                   1	C:\TomGIT\HFFUmbraco\packages\UmbracoCms.7.7.8\UmbracoFiles\Umbraco\Views\propertyeditors\multipletextbox\
	    Same      		     960	multipletextbox.html
	                   3	C:\TomGIT\HFFUmbraco\packages\UmbracoCms.7.7.8\UmbracoFiles\Umbraco\Views\propertyeditors\nestedcontent\
	    Same      		    2879	nestedcontent.doctypepicker.html
	    Same      		     456	nestedcontent.editor.html
	    Same      		    3595	nestedcontent.html
	                   1	C:\TomGIT\HFFUmbraco\packages\UmbracoCms.7.7.8\UmbracoFiles\Umbraco\Views\propertyeditors\radiobuttons\
	    Same      		     474	radiobuttons.html
	                   1	C:\TomGIT\HFFUmbraco\packages\UmbracoCms.7.7.8\UmbracoFiles\Umbraco\Views\propertyeditors\readonlyvalue\
	    Same      		     161	readonlyvalue.html
	                   1	C:\TomGIT\HFFUmbraco\packages\UmbracoCms.7.7.8\UmbracoFiles\Umbraco\Views\propertyeditors\relatedlinks\
	    Same      		    5870	relatedlinks.html
	                   2	C:\TomGIT\HFFUmbraco\packages\UmbracoCms.7.7.8\UmbracoFiles\Umbraco\Views\propertyeditors\rte\
	    Same      		    1050	rte.html
	    Same      		    1825	rte.prevalues.html
	                   4	C:\TomGIT\HFFUmbraco\packages\UmbracoCms.7.7.8\UmbracoFiles\Umbraco\Views\propertyeditors\slider\
	    Same      		     381	handle.prevalues.html
	    Same      		     362	orientation.prevalues.html
	    Same      		     143	slider.html
	    Same      		     382	tooltip.prevalues.html
	                   2	C:\TomGIT\HFFUmbraco\packages\UmbracoCms.7.7.8\UmbracoFiles\Umbraco\Views\propertyeditors\tags\
	    Same      		     962	tags.html
	    Same      		     209	tags.prevalues.html
	                   1	C:\TomGIT\HFFUmbraco\packages\UmbracoCms.7.7.8\UmbracoFiles\Umbraco\Views\propertyeditors\templatepicker\
	    Same      		     113	templatepicker.html
	                   1	C:\TomGIT\HFFUmbraco\packages\UmbracoCms.7.7.8\UmbracoFiles\Umbraco\Views\propertyeditors\test\
	    Same      		     476	test.html
	                   1	C:\TomGIT\HFFUmbraco\packages\UmbracoCms.7.7.8\UmbracoFiles\Umbraco\Views\propertyeditors\textarea\
	    Same      		     656	textarea.html
	                   1	C:\TomGIT\HFFUmbraco\packages\UmbracoCms.7.7.8\UmbracoFiles\Umbraco\Views\propertyeditors\textbox\
	    Same      		     771	textbox.html
	                   1	C:\TomGIT\HFFUmbraco\packages\UmbracoCms.7.7.8\UmbracoFiles\Umbraco\Views\propertyeditors\ultrasimple\
	    Same      		     243	ultrasimple.html
	                   1	C:\TomGIT\HFFUmbraco\packages\UmbracoCms.7.7.8\UmbracoFiles\Umbraco\Views\propertyeditors\urllist\
	    Same      		     509	urllist.html
	                   1	C:\TomGIT\HFFUmbraco\packages\UmbracoCms.7.7.8\UmbracoFiles\Umbraco\Views\propertyeditors\validationtest\
	    Same      		     558	validationtest.html
	                   3	C:\TomGIT\HFFUmbraco\packages\UmbracoCms.7.7.8\UmbracoFiles\Umbraco\Views\scripts\
	    Same      		    2089	create.html
	    Same      		     432	delete.html
	    Same      		    1789	edit.html
	                   2	C:\TomGIT\HFFUmbraco\packages\UmbracoCms.7.7.8\UmbracoFiles\Umbraco\Views\templates\
	    Same      		     446	delete.html
	    Same      		    7398	edit.html
	                   3	C:\TomGIT\HFFUmbraco\packages\UmbracoCms.7.7.8\UmbracoFiles\Umbraco\Views\users\
	    Same      		   11715	group.html
	    Same      		     646	overview.html
	    Same      		   26866	user.html
	                   0	C:\TomGIT\HFFUmbraco\packages\UmbracoCms.7.7.8\UmbracoFiles\Umbraco\Views\users\views\
	                   1	C:\TomGIT\HFFUmbraco\packages\UmbracoCms.7.7.8\UmbracoFiles\Umbraco\Views\users\views\groups\
	    Same      		    4961	groups.html
	                   1	C:\TomGIT\HFFUmbraco\packages\UmbracoCms.7.7.8\UmbracoFiles\Umbraco\Views\users\views\users\
	    Same      		   27903	users.html
	                  15	C:\TomGIT\HFFUmbraco\packages\UmbracoCms.7.7.8\UmbracoFiles\Umbraco\Webservices\
	    Same      		   26403	ajax.js
	    Same      		     125	CacheRefresher.asmx
	    Same      		     130	CheckForUpgrade.asmx
	    Same      		     111	CMSNode.asmx
	    Same      		     125	codeEditorSave.asmx
	    Same      		     127	legacyAjaxCalls.asmx
	    Same      		     142	MacroContainerService.asmx
	    Same      		     134	MediaUploader.ashx
	    Same      		     117	nodeSorter.asmx
	    Same      		     125	progressStatus.asmx
	    Same      		     106	publication.asmx
	    Same      		     154	TagsAutoCompleteHandler.ashx
	    Same      		     134	TreeClientService.asmx
	    Same      		     130	TreeDataService.ashx
	    Same      		    8404	wsdl.xslt
	                   5	C:\TomGIT\HFFUmbraco\packages\UmbracoCms.7.7.8\UmbracoFiles\Umbraco\Xslt\
	    Same      		     667	macroGetCurrent.xsl
	    Same      		    1178	macroGetSubs.xsl
	    Same      		    1114	searchResult.xslt
	    Same      		    1756	sqlNodeHierachy.xslt
	    Same      		     594	Web.config
	                  15	C:\TomGIT\HFFUmbraco\packages\UmbracoCms.7.7.8\UmbracoFiles\Umbraco\Xslt\Templates\
	    Same      		    1085	Breadcrumb.xslt
	    Same      		     527	Clean.xslt
	    Same      		    1264	ListSubPagesAsThumbnails.xslt
	    Same      		    1063	ListSubPagesByDateAndLimit.xslt
	    Same      		     918	ListSubPagesByDocumentType.xslt
	    Same      		     886	ListSubPagesByLevel.xslt
	    Same      		     956	ListSubPagesFromAChangableSource.xslt
	    Same      		     756	ListSubPagesFromCurrentPage.xslt
	    Same      		    1151	ListThumbnailsFromCurrentPage.xslt
	    Same      		     771	ListWholeStructureFromCurrentPage.xslt
	    Same      		    1280	NavigationPrototype.xslt
	    Same      		    1701	RelatedLinks.xslt
	    Same      		    3263	RSSFeed.xslt
	    Same      		    1579	Sitemap.xslt
	    Same      		    1586	TablePrototype.xslt
	                  15	C:\TomGIT\HFFUmbraco\packages\UmbracoCms.7.7.8\UmbracoFiles\Umbraco\Xslt\Templates\Schema2\
	    Same      		    1066	Breadcrumb.xslt
	    Same      		     527	Clean.xslt
	    Same      		    1015	ListSubPagesAsThumbnails.xslt
	    Same      		    1055	ListSubPagesByDateAndLimit.xslt
	    Same      		     891	ListSubPagesByDocumentType.xslt
	    Same      		     875	ListSubPagesByLevel.xslt
	    Same      		     948	ListSubPagesFromAChangableSource.xslt
	    Same      		     748	ListSubPagesFromCurrentPage.xslt
	    Same      		     893	ListThumbnailsFromCurrentPage.xslt
	    Same      		     763	ListWholeStructureFromCurrentPage.xslt
	    Same      		    1267	NavigationPrototype.xslt
	    Same      		    1714	RelatedLinks.xslt
	    Same      		    3251	RSSFeed.xslt
	    Same      		    1567	Sitemap.xslt
	    Same      		    1560	TablePrototype.xslt

------------------------------------------------------------------------------

               Total    Copied   Skipped  Mismatch    FAILED    Extras
    Dirs :       299         0       299         0         0         0
   Files :      1276      1275         1         0         0         0
   Bytes :   18.50 m   18.49 m     4.2 k         0         0         0
   Times :   0:00:00   0:00:00                       0:00:00   0:00:00
   Ended : 10 March 2018 18:03:55

